#
# There is insufficient memory for the Java Runtime Environment to continue.
# Native memory allocation (mmap) failed to map 479199232 bytes. Error detail: G1 virtual space
# Possible reasons:
#   The system is out of physical RAM or swap space
#   This process is running with CompressedOops enabled, and the Java Heap may be blocking the growth of the native heap
# Possible solutions:
#   Reduce memory load on the system
#   Increase physical memory or swap space
#   Check if swap backing store is full
#   Decrease Java heap size (-Xmx/-Xms)
#   Decrease number of Java threads
#   Decrease Java thread stack sizes (-Xss)
#   Set larger code cache with -XX:ReservedCodeCacheSize=
#   JVM is running with Unscaled Compressed Oops mode in which the Java heap is
#     placed in the first 4GB address space. The Java Heap base address is the
#     maximum limit for the native heap growth. Please use -XX:HeapBaseMinAddress
#     to set the Java Heap base and to place the Java Heap above 4GB virtual address.
# This output file may be truncated or incomplete.
#
#  Out of Memory Error (os_windows.cpp:3554), pid=12400, tid=6200
#
# JRE version: Java(TM) SE Runtime Environment (25.0+37) (build 25+37-LTS-3491)
# Java VM: Java HotSpot(TM) 64-Bit Server VM (25+37-LTS-3491, mixed mode, emulated-client, sharing, tiered, compressed oops, compressed class ptrs, g1 gc, windows-amd64)
# No core dump will be written. Minidumps are not enabled by default on client versions of Windows
#

---------------  S U M M A R Y ------------

Command Line: -XX:TieredStopAtLevel=1 com.sbsr.sstashed.SstashedApplication

Host: Intel(R) Core(TM) i3-10110U CPU @ 2.10GHz, 4 cores, 7G,  Windows 11 , 64 bit Build 22621 (10.0.22621.5415)
Time: Wed Nov 19 17:42:09 2025 India Standard Time elapsed time: 8.146153 seconds (0d 0h 0m 8s)

---------------  T H R E A D  ---------------

Current thread (0x000001d8b339eb10):  VMThread "VM Thread"          [id=6200, stack(0x000000a22ca00000,0x000000a22cb00000) (1024K)]

Stack: [0x000000a22ca00000,0x000000a22cb00000]
Native frames: (J=compiled Java code, j=interpreted, Vv=VM code, C=native code)
V  [jvm.dll+0x7a6a39]  (no source info available)
V  [jvm.dll+0x7727ed]  (no source info available)
V  [jvm.dll+0x965f33]  (no source info available)
V  [jvm.dll+0x968531]  (no source info available)
V  [jvm.dll+0x968c33]  (no source info available)
V  [jvm.dll+0x2fc756]  (no source info available)
V  [jvm.dll+0x7a2c65]  (no source info available)
V  [jvm.dll+0x796077]  (no source info available)
V  [jvm.dll+0x3f4698]  (no source info available)
V  [jvm.dll+0x3fc5b6]  (no source info available)
V  [jvm.dll+0x3e8c8e]  (no source info available)
V  [jvm.dll+0x3e8f48]  (no source info available)
V  [jvm.dll+0x3c0045]  (no source info available)
V  [jvm.dll+0x3c00da]  (no source info available)
V  [jvm.dll+0x40d2b6]  (no source info available)
V  [jvm.dll+0x40bbdb]  (no source info available)
V  [jvm.dll+0x3bf787]  (no source info available)
V  [jvm.dll+0x40afdf]  (no source info available)
V  [jvm.dll+0x96ee71]  (no source info available)
V  [jvm.dll+0x97018d]  (no source info available)
V  [jvm.dll+0x970709]  (no source info available)
V  [jvm.dll+0x9709b3]  (no source info available)
V  [jvm.dll+0x90681d]  (no source info available)
V  [jvm.dll+0x7a5015]  (no source info available)
C  [ucrtbase.dll+0x29333]  (no source info available)
C  [KERNEL32.DLL+0x1259d]  (no source info available)
C  [ntdll.dll+0x5af78]  (no source info available)

VM_Operation (0x000000a22d7fac30): G1CollectForAllocation, mode: safepoint, requested by thread 0x000001d8b867a050


---------------  P R O C E S S  ---------------

Threads class SMR info:
_java_thread_list=0x000001d8b80160d0, length=20, elements={
0x000001d8a0dc6cd0, 0x000001d8b33af890, 0x000001d8b33b06f0, 0x000001d8b33b3350,
0x000001d8b33b3f10, 0x000001d8b33b50e0, 0x000001d8b33ba1f0, 0x000001d8a30981e0,
0x000001d8b34574c0, 0x000001d8b345a8c0, 0x000001d8a309ba50, 0x000001d8b8677880,
0x000001d8b867a050, 0x000001d8b9500050, 0x000001d8b97ce770, 0x000001d8b99369c0,
0x000001d8b8b16920, 0x000001d8b8b170e0, 0x000001d8b98d6c10, 0x000001d8b83a0030
}

Java Threads: ( => current thread )
  0x000001d8a0dc6cd0 JavaThread "main"                              [_thread_blocked, id=23136, stack(0x000000a22c300000,0x000000a22c400000) (1024K)]
  0x000001d8b33af890 JavaThread "Reference Handler"          daemon [_thread_blocked, id=16636, stack(0x000000a22cb00000,0x000000a22cc00000) (1024K)]
  0x000001d8b33b06f0 JavaThread "Finalizer"                  daemon [_thread_blocked, id=16832, stack(0x000000a22cc00000,0x000000a22cd00000) (1024K)]
  0x000001d8b33b3350 JavaThread "Signal Dispatcher"          daemon [_thread_blocked, id=22368, stack(0x000000a22cd00000,0x000000a22ce00000) (1024K)]
  0x000001d8b33b3f10 JavaThread "Attach Listener"            daemon [_thread_blocked, id=14320, stack(0x000000a22ce00000,0x000000a22cf00000) (1024K)]
  0x000001d8b33b50e0 JavaThread "Service Thread"             daemon [_thread_blocked, id=11884, stack(0x000000a22cf00000,0x000000a22d000000) (1024K)]
  0x000001d8b33ba1f0 JavaThread "Monitor Deflation Thread"   daemon [_thread_blocked, id=4432, stack(0x000000a22d000000,0x000000a22d100000) (1024K)]
  0x000001d8a30981e0 JavaThread "C1 CompilerThread0"         daemon [_thread_blocked, id=1768, stack(0x000000a22d100000,0x000000a22d200000) (1024K)]
  0x000001d8b34574c0 JavaThread "Notification Thread"        daemon [_thread_blocked, id=15200, stack(0x000000a22d200000,0x000000a22d300000) (1024K)]
  0x000001d8b345a8c0 JavaThread "Common-Cleaner"             daemon [_thread_blocked, id=25024, stack(0x000000a22d300000,0x000000a22d400000) (1024K)]
  0x000001d8a309ba50 JavaThread "C1 CompilerThread1"         daemon [_thread_blocked, id=20588, stack(0x000000a22d400000,0x000000a22d500000) (1024K)]
  0x000001d8b8677880 JavaThread "Thread-0"                          [_thread_blocked, id=18796, stack(0x000000a22d600000,0x000000a22d700000) (1024K)]
  0x000001d8b867a050 JavaThread "restartedMain"                     [_thread_blocked, id=2216, stack(0x000000a22d700000,0x000000a22d800000) (1024K)]
  0x000001d8b9500050 JavaThread "mysql-cj-abandoned-connection-cleanup" daemon [_thread_blocked, id=1164, stack(0x000000a22db00000,0x000000a22dc00000) (1024K)]
  0x000001d8b97ce770 JavaThread "HikariPool-1:housekeeper"   daemon [_thread_blocked, id=14868, stack(0x000000a22dd00000,0x000000a22de00000) (1024K)]
  0x000001d8b99369c0 JavaThread "HikariPool-1:connection-adder" daemon [_thread_blocked, id=21468, stack(0x000000a22de00000,0x000000a22df00000) (1024K)]
  0x000001d8b8b16920 JavaThread "Catalina-utility-1"                [_thread_blocked, id=20484, stack(0x000000a22df00000,0x000000a22e000000) (1024K)]
  0x000001d8b8b170e0 JavaThread "Catalina-utility-2"                [_thread_blocked, id=21980, stack(0x000000a22e000000,0x000000a22e100000) (1024K)]
  0x000001d8b98d6c10 JavaThread "container-0"                       [_thread_blocked, id=17748, stack(0x000000a22e100000,0x000000a22e200000) (1024K)]
  0x000001d8b83a0030 JavaThread "C1 CompilerThread2"         daemon [_thread_blocked, id=22800, stack(0x000000a22d500000,0x000000a22d600000) (1024K)]
Total: 20

Other Threads:
=>0x000001d8b339eb10 VMThread "VM Thread"                           [id=6200, stack(0x000000a22ca00000,0x000000a22cb00000) (1024K)]
  0x000001d8b33905a0 WatcherThread "VM Periodic Task Thread"        [id=19040, stack(0x000000a22c900000,0x000000a22ca00000) (1024K)]
  0x000001d8a30e5fd0 WorkerThread "GC Thread#0"                     [id=16004, stack(0x000000a22c400000,0x000000a22c500000) (1024K)]
  0x000001d8b873d260 WorkerThread "GC Thread#1"                     [id=11408, stack(0x000000a22d800000,0x000000a22d900000) (1024K)]
  0x000001d8b873d690 WorkerThread "GC Thread#2"                     [id=14680, stack(0x000000a22d900000,0x000000a22da00000) (1024K)]
  0x000001d8b873dac0 WorkerThread "GC Thread#3"                     [id=26300, stack(0x000000a22da00000,0x000000a22db00000) (1024K)]
  0x000001d8a30ff130 ConcurrentGCThread "G1 Main Marker"            [id=15152, stack(0x000000a22c500000,0x000000a22c600000) (1024K)]
  0x000001d8a3100470 WorkerThread "G1 Conc#0"                       [id=24548, stack(0x000000a22c600000,0x000000a22c700000) (1024K)]
  0x000001d8a3132720 ConcurrentGCThread "G1 Refine#0"               [id=17424, stack(0x000000a22c700000,0x000000a22c800000) (1024K)]
  0x000001d8a3133330 ConcurrentGCThread "G1 Service"                [id=8680, stack(0x000000a22c800000,0x000000a22c900000) (1024K)]
Total: 10

Threads with active compile tasks:
Total: 0

VM state: at safepoint (normal execution)

VM Mutex/Monitor currently owned by a thread:  ([mutex/lock_event])
[0x00007ff86f5094a8] Threads_lock - owner thread: 0x000001d8b339eb10
[0x00007ff86f509628] Heap_lock - owner thread: 0x000001d8b867a050

Heap address: 0x0000000082800000, size: 2008 MB, Compressed Oops mode: 32-bit

CDS archive(s) mapped at: [0x0000000026000000-0x0000000026dd0000-0x0000000026dd0000), size 14483456, SharedBaseAddress: 0x0000000026000000, ArchiveRelocationMode: 1.
Compressed class space mapped at: 0x0000000027000000-0x0000000067000000, reserved size: 1073741824
UseCompressedClassPointers 1, UseCompactObjectHeaders 0
Narrow klass pointer bits 32, Max shift 3
Narrow klass base: 0x0000000026000000, Narrow klass shift: 0
Encoding Range: [0x0000000026000000 - 0x0000000126000000), (4294967296 bytes)
Klass Range:    [0x0000000026010000 - 0x0000000067000000), (1090453504 bytes)
Klass ID Range:  [65536 - 1090519033) (1090453497)
Protection zone: [0x0000000026000000 - 0x0000000026010000), (65536 bytes)

GC Precious Log:
 CardTable entry size: 512
 Card Set container configuration: InlinePtr #cards 5 size 8 Array Of Cards #cards 10 size 36 Howl #buckets 4 coarsen threshold 1843 Howl Bitmap #cards 512 size 80 coarsen threshold 460 Card regions per heap region 1 cards per card region 2048
 CPUs: 4 total, 4 available
 Memory: 8026M
 Large Page Support: Disabled
 NUMA Support: Disabled
 Compressed Oops: Enabled (32-bit)
 Heap Region Size: 1M
 Heap Min Capacity: 8M
 Heap Initial Capacity: 126M
 Heap Max Capacity: 2008M
 Pre-touch: Disabled
 Parallel Workers: 4
 Concurrent Workers: 1
 Concurrent Refinement Workers: 4
 Periodic GC: Disabled

Heap:
 garbage-first heap   total reserved 2056192K, committed 261120K, used 133120K [0x0000000082800000, 0x0000000100000000)
  region size 1024K, 3 young (3072K), 3 survivors (3072K)

Heap Regions: E=young(eden), S=young(survivor), O=old, HS=humongous(starts), HC=humongous(continues), CS=collection set, F=free, TAMS=top-at-mark-start, PB=parsable bottom
|   0|0x0000000082800000, 0x0000000082900000, 0x0000000082900000|100%|HS|  |TAMS 0x0000000082900000| PB 0x0000000082800000| Complete |  0
|   1|0x0000000082900000, 0x0000000082a00000, 0x0000000082a00000|100%|HS|  |TAMS 0x0000000082a00000| PB 0x0000000082900000| Complete |  0
|   2|0x0000000082a00000, 0x0000000082b00000, 0x0000000082b00000|100%| O|  |TAMS 0x0000000082b00000| PB 0x0000000082a00000| Untracked |  0
|   3|0x0000000082b00000, 0x0000000082c00000, 0x0000000082c00000|100%| O|  |TAMS 0x0000000082c00000| PB 0x0000000082b00000| Untracked |  0
|   4|0x0000000082c00000, 0x0000000082d00000, 0x0000000082d00000|100%| O|  |TAMS 0x0000000082d00000| PB 0x0000000082c00000| Untracked |  0
|   5|0x0000000082d00000, 0x0000000082e00000, 0x0000000082e00000|100%| O|  |TAMS 0x0000000082e00000| PB 0x0000000082d00000| Untracked |  0
|   6|0x0000000082e00000, 0x0000000082f00000, 0x0000000082f00000|100%| O|  |TAMS 0x0000000082f00000| PB 0x0000000082e00000| Untracked |  0
|   7|0x0000000082f00000, 0x0000000083000000, 0x0000000083000000|100%| O|  |TAMS 0x0000000083000000| PB 0x0000000082f00000| Untracked |  0
|   8|0x0000000083000000, 0x0000000083100000, 0x0000000083100000|100%| O|  |TAMS 0x0000000083100000| PB 0x0000000083000000| Untracked |  0
|   9|0x0000000083100000, 0x0000000083200000, 0x0000000083200000|100%| O|  |TAMS 0x0000000083200000| PB 0x0000000083100000| Untracked |  0
|  10|0x0000000083200000, 0x0000000083300000, 0x0000000083300000|100%| O|  |TAMS 0x0000000083300000| PB 0x0000000083200000| Untracked |  0
|  11|0x0000000083300000, 0x0000000083400000, 0x0000000083400000|100%| O|  |TAMS 0x0000000083400000| PB 0x0000000083300000| Untracked |  0
|  12|0x0000000083400000, 0x0000000083500000, 0x0000000083500000|100%| O|  |TAMS 0x0000000083500000| PB 0x0000000083400000| Untracked |  0
|  13|0x0000000083500000, 0x0000000083600000, 0x0000000083600000|100%| O|  |TAMS 0x0000000083600000| PB 0x0000000083500000| Untracked |  0
|  14|0x0000000083600000, 0x0000000083700000, 0x0000000083700000|100%| O|  |TAMS 0x0000000083700000| PB 0x0000000083600000| Untracked |  0
|  15|0x0000000083700000, 0x0000000083800000, 0x0000000083800000|100%| O|  |TAMS 0x0000000083800000| PB 0x0000000083700000| Untracked |  0
|  16|0x0000000083800000, 0x0000000083900000, 0x0000000083900000|100%| O|  |TAMS 0x0000000083900000| PB 0x0000000083800000| Untracked |  0
|  17|0x0000000083900000, 0x0000000083a00000, 0x0000000083a00000|100%| O|  |TAMS 0x0000000083a00000| PB 0x0000000083900000| Untracked |  0
|  18|0x0000000083a00000, 0x0000000083b00000, 0x0000000083b00000|100%| O|  |TAMS 0x0000000083b00000| PB 0x0000000083a00000| Untracked |  0
|  19|0x0000000083b00000, 0x0000000083c00000, 0x0000000083c00000|100%| O|  |TAMS 0x0000000083c00000| PB 0x0000000083b00000| Untracked |  0
|  20|0x0000000083c00000, 0x0000000083d00000, 0x0000000083d00000|100%| O|  |TAMS 0x0000000083d00000| PB 0x0000000083c00000| Untracked |  0
|  21|0x0000000083d00000, 0x0000000083e00000, 0x0000000083e00000|100%| O|  |TAMS 0x0000000083e00000| PB 0x0000000083d00000| Untracked |  0
|  22|0x0000000083e00000, 0x0000000083f00000, 0x0000000083f00000|100%| O|  |TAMS 0x0000000083f00000| PB 0x0000000083e00000| Untracked |  0
|  23|0x0000000083f00000, 0x0000000084000000, 0x0000000084000000|100%| O|  |TAMS 0x0000000084000000| PB 0x0000000083f00000| Untracked |  0
|  24|0x0000000084000000, 0x0000000084100000, 0x0000000084100000|100%| O|  |TAMS 0x0000000084100000| PB 0x0000000084000000| Untracked |  0
|  25|0x0000000084100000, 0x0000000084200000, 0x0000000084200000|100%| O|  |TAMS 0x0000000084200000| PB 0x0000000084100000| Untracked |  0
|  26|0x0000000084200000, 0x0000000084300000, 0x0000000084300000|100%| O|  |TAMS 0x0000000084300000| PB 0x0000000084200000| Untracked |  0
|  27|0x0000000084300000, 0x0000000084400000, 0x0000000084400000|100%| O|  |TAMS 0x0000000084400000| PB 0x0000000084300000| Untracked |  0
|  28|0x0000000084400000, 0x0000000084500000, 0x0000000084500000|100%| O|  |TAMS 0x0000000084500000| PB 0x0000000084400000| Untracked |  0
|  29|0x0000000084500000, 0x0000000084600000, 0x0000000084600000|100%| O|  |TAMS 0x0000000084600000| PB 0x0000000084500000| Untracked |  0
|  30|0x0000000084600000, 0x0000000084700000, 0x0000000084700000|100%| O|  |TAMS 0x0000000084700000| PB 0x0000000084600000| Untracked |  0
|  31|0x0000000084700000, 0x0000000084800000, 0x0000000084800000|100%| O|  |TAMS 0x0000000084800000| PB 0x0000000084700000| Untracked |  0
|  32|0x0000000084800000, 0x0000000084900000, 0x0000000084900000|100%| O|  |TAMS 0x0000000084900000| PB 0x0000000084800000| Untracked |  0
|  33|0x0000000084900000, 0x0000000084a00000, 0x0000000084a00000|100%| O|  |TAMS 0x0000000084a00000| PB 0x0000000084900000| Untracked |  0
|  34|0x0000000084a00000, 0x0000000084b00000, 0x0000000084b00000|100%| O|  |TAMS 0x0000000084b00000| PB 0x0000000084a00000| Untracked |  0
|  35|0x0000000084b00000, 0x0000000084c00000, 0x0000000084c00000|100%| O|  |TAMS 0x0000000084c00000| PB 0x0000000084b00000| Untracked |  0
|  36|0x0000000084c00000, 0x0000000084d00000, 0x0000000084d00000|100%| O|  |TAMS 0x0000000084d00000| PB 0x0000000084c00000| Untracked |  0
|  37|0x0000000084d00000, 0x0000000084e00000, 0x0000000084e00000|100%|HS|  |TAMS 0x0000000084e00000| PB 0x0000000084d00000| Complete |  0
|  38|0x0000000084e00000, 0x0000000084f00000, 0x0000000084f00000|100%| O|  |TAMS 0x0000000084e00000| PB 0x0000000084e00000| Untracked |  0
|  39|0x0000000084f00000, 0x0000000085000000, 0x0000000085000000|100%| O|  |TAMS 0x0000000084f00000| PB 0x0000000084f00000| Untracked |  0
|  40|0x0000000085000000, 0x0000000085100000, 0x0000000085100000|100%| O|  |TAMS 0x0000000085000000| PB 0x0000000085000000| Untracked |  0
|  41|0x0000000085100000, 0x0000000085200000, 0x0000000085200000|100%| O|  |TAMS 0x0000000085100000| PB 0x0000000085100000| Untracked |  0
|  42|0x0000000085200000, 0x0000000085300000, 0x0000000085300000|100%| O|  |TAMS 0x0000000085300000| PB 0x0000000085200000| Untracked |  0
|  43|0x0000000085300000, 0x0000000085400000, 0x0000000085400000|100%| O|  |TAMS 0x0000000085400000| PB 0x0000000085300000| Untracked |  0
|  44|0x0000000085400000, 0x0000000085500000, 0x0000000085500000|100%| O|  |TAMS 0x0000000085500000| PB 0x0000000085400000| Untracked |  0
|  45|0x0000000085500000, 0x0000000085600000, 0x0000000085600000|100%| O|  |TAMS 0x0000000085600000| PB 0x0000000085500000| Untracked |  0
|  46|0x0000000085600000, 0x0000000085700000, 0x0000000085700000|100%| O|  |TAMS 0x0000000085700000| PB 0x0000000085600000| Untracked |  0
|  47|0x0000000085700000, 0x0000000085800000, 0x0000000085800000|100%| O|  |TAMS 0x0000000085800000| PB 0x0000000085700000| Untracked |  0
|  48|0x0000000085800000, 0x0000000085900000, 0x0000000085900000|100%| O|  |TAMS 0x0000000085900000| PB 0x0000000085800000| Untracked |  0
|  49|0x0000000085900000, 0x0000000085a00000, 0x0000000085a00000|100%| O|  |TAMS 0x0000000085a00000| PB 0x0000000085900000| Untracked |  0
|  50|0x0000000085a00000, 0x0000000085b00000, 0x0000000085b00000|100%| O|  |TAMS 0x0000000085b00000| PB 0x0000000085a00000| Untracked |  0
|  51|0x0000000085b00000, 0x0000000085c00000, 0x0000000085c00000|100%| O|  |TAMS 0x0000000085c00000| PB 0x0000000085b00000| Untracked |  0
|  52|0x0000000085c00000, 0x0000000085d00000, 0x0000000085d00000|100%| O|  |TAMS 0x0000000085d00000| PB 0x0000000085c00000| Untracked |  0
|  53|0x0000000085d00000, 0x0000000085e00000, 0x0000000085e00000|100%| O|  |TAMS 0x0000000085e00000| PB 0x0000000085d00000| Untracked |  0
|  54|0x0000000085e00000, 0x0000000085f00000, 0x0000000085f00000|100%| O|  |TAMS 0x0000000085e00000| PB 0x0000000085e00000| Untracked |  0
|  55|0x0000000085f00000, 0x0000000086000000, 0x0000000086000000|100%| O|  |TAMS 0x0000000086000000| PB 0x0000000085f00000| Untracked |  0
|  56|0x0000000086000000, 0x0000000086100000, 0x0000000086100000|100%| O|  |TAMS 0x0000000086000000| PB 0x0000000086000000| Untracked |  0
|  57|0x0000000086100000, 0x0000000086200000, 0x0000000086200000|100%| O|  |TAMS 0x0000000086100000| PB 0x0000000086100000| Untracked |  0
|  58|0x0000000086200000, 0x0000000086300000, 0x0000000086300000|100%| O|  |TAMS 0x0000000086200000| PB 0x0000000086200000| Untracked |  0
|  59|0x0000000086300000, 0x0000000086400000, 0x0000000086400000|100%| O|  |TAMS 0x0000000086300000| PB 0x0000000086300000| Untracked |  0
|  60|0x0000000086400000, 0x0000000086500000, 0x0000000086500000|100%| O|  |TAMS 0x0000000086500000| PB 0x0000000086400000| Untracked |  0
|  61|0x0000000086500000, 0x0000000086600000, 0x0000000086600000|100%| O|  |TAMS 0x0000000086500000| PB 0x0000000086500000| Untracked |  0
|  62|0x0000000086600000, 0x0000000086700000, 0x0000000086700000|100%| O|  |TAMS 0x0000000086600000| PB 0x0000000086600000| Untracked |  0
|  63|0x0000000086700000, 0x0000000086700000, 0x0000000086800000|  0%| F|  |TAMS 0x0000000086700000| PB 0x0000000086700000| Untracked |  0
|  64|0x0000000086800000, 0x0000000086800000, 0x0000000086900000|  0%| F|  |TAMS 0x0000000086800000| PB 0x0000000086800000| Untracked |  0
|  65|0x0000000086900000, 0x0000000086900000, 0x0000000086a00000|  0%| F|  |TAMS 0x0000000086900000| PB 0x0000000086900000| Untracked |  0
|  66|0x0000000086a00000, 0x0000000086a00000, 0x0000000086b00000|  0%| F|  |TAMS 0x0000000086a00000| PB 0x0000000086a00000| Untracked |  0
|  67|0x0000000086b00000, 0x0000000086b00000, 0x0000000086c00000|  0%| F|  |TAMS 0x0000000086b00000| PB 0x0000000086b00000| Untracked |  0
|  68|0x0000000086c00000, 0x0000000086c00000, 0x0000000086d00000|  0%| F|  |TAMS 0x0000000086c00000| PB 0x0000000086c00000| Untracked |  0
|  69|0x0000000086d00000, 0x0000000086d00000, 0x0000000086e00000|  0%| F|  |TAMS 0x0000000086d00000| PB 0x0000000086d00000| Untracked |  0
|  70|0x0000000086e00000, 0x0000000086f00000, 0x0000000086f00000|100%| O|  |TAMS 0x0000000086f00000| PB 0x0000000086e00000| Untracked |  0
|  71|0x0000000086f00000, 0x0000000086f00000, 0x0000000087000000|  0%| F|  |TAMS 0x0000000086f00000| PB 0x0000000086f00000| Untracked |  0
|  72|0x0000000087000000, 0x0000000087000000, 0x0000000087100000|  0%| F|  |TAMS 0x0000000087000000| PB 0x0000000087000000| Untracked |  0
|  73|0x0000000087100000, 0x0000000087100000, 0x0000000087200000|  0%| F|  |TAMS 0x0000000087100000| PB 0x0000000087100000| Untracked |  0
|  74|0x0000000087200000, 0x0000000087300000, 0x0000000087300000|100%| O|  |TAMS 0x0000000087300000| PB 0x0000000087200000| Untracked |  0
|  75|0x0000000087300000, 0x0000000087400000, 0x0000000087400000|100%| O|  |TAMS 0x0000000087400000| PB 0x0000000087300000| Untracked |  0
|  76|0x0000000087400000, 0x0000000087500000, 0x0000000087500000|100%| O|  |TAMS 0x0000000087500000| PB 0x0000000087400000| Untracked |  0
|  77|0x0000000087500000, 0x0000000087500000, 0x0000000087600000|  0%| F|  |TAMS 0x0000000087500000| PB 0x0000000087500000| Untracked |  0
|  78|0x0000000087600000, 0x0000000087600000, 0x0000000087700000|  0%| F|  |TAMS 0x0000000087600000| PB 0x0000000087600000| Untracked |  0
|  79|0x0000000087700000, 0x0000000087700000, 0x0000000087800000|  0%| F|  |TAMS 0x0000000087700000| PB 0x0000000087700000| Untracked |  0
|  80|0x0000000087800000, 0x0000000087900000, 0x0000000087900000|100%| O|  |TAMS 0x0000000087900000| PB 0x0000000087800000| Untracked |  0
|  81|0x0000000087900000, 0x0000000087a00000, 0x0000000087a00000|100%| O|  |TAMS 0x0000000087a00000| PB 0x0000000087900000| Untracked |  0
|  82|0x0000000087a00000, 0x0000000087a00000, 0x0000000087b00000|  0%| F|  |TAMS 0x0000000087a00000| PB 0x0000000087a00000| Untracked |  0
|  83|0x0000000087b00000, 0x0000000087c00000, 0x0000000087c00000|100%| O|  |TAMS 0x0000000087c00000| PB 0x0000000087b00000| Untracked |  0
|  84|0x0000000087c00000, 0x0000000087d00000, 0x0000000087d00000|100%| O|  |TAMS 0x0000000087d00000| PB 0x0000000087c00000| Untracked |  0
|  85|0x0000000087d00000, 0x0000000087e00000, 0x0000000087e00000|100%| O|  |TAMS 0x0000000087e00000| PB 0x0000000087d00000| Untracked |  0
|  86|0x0000000087e00000, 0x0000000087f00000, 0x0000000087f00000|100%| O|  |TAMS 0x0000000087f00000| PB 0x0000000087e00000| Untracked |  0
|  87|0x0000000087f00000, 0x0000000088000000, 0x0000000088000000|100%| O|  |TAMS 0x0000000088000000| PB 0x0000000087f00000| Untracked |  0
|  88|0x0000000088000000, 0x0000000088100000, 0x0000000088100000|100%| O|  |TAMS 0x0000000088100000| PB 0x0000000088000000| Untracked |  0
|  89|0x0000000088100000, 0x0000000088200000, 0x0000000088200000|100%| O|  |TAMS 0x0000000088200000| PB 0x0000000088100000| Untracked |  0
|  90|0x0000000088200000, 0x0000000088300000, 0x0000000088300000|100%| O|  |TAMS 0x0000000088300000| PB 0x0000000088200000| Untracked |  0
|  91|0x0000000088300000, 0x0000000088400000, 0x0000000088400000|100%| O|  |TAMS 0x0000000088400000| PB 0x0000000088300000| Untracked |  0
|  92|0x0000000088400000, 0x0000000088500000, 0x0000000088500000|100%| O|  |TAMS 0x0000000088500000| PB 0x0000000088400000| Untracked |  0
|  93|0x0000000088500000, 0x0000000088600000, 0x0000000088600000|100%| O|  |TAMS 0x0000000088600000| PB 0x0000000088500000| Untracked |  0
|  94|0x0000000088600000, 0x0000000088700000, 0x0000000088700000|100%| O|  |TAMS 0x0000000088700000| PB 0x0000000088600000| Untracked |  0
|  95|0x0000000088700000, 0x0000000088800000, 0x0000000088800000|100%| O|  |TAMS 0x0000000088800000| PB 0x0000000088700000| Untracked |  0
|  96|0x0000000088800000, 0x0000000088900000, 0x0000000088900000|100%| O|  |TAMS 0x0000000088900000| PB 0x0000000088800000| Untracked |  0
|  97|0x0000000088900000, 0x0000000088a00000, 0x0000000088a00000|100%| O|  |TAMS 0x0000000088a00000| PB 0x0000000088900000| Untracked |  0
|  98|0x0000000088a00000, 0x0000000088b00000, 0x0000000088b00000|100%| O|  |TAMS 0x0000000088b00000| PB 0x0000000088a00000| Untracked |  0
|  99|0x0000000088b00000, 0x0000000088c00000, 0x0000000088c00000|100%| O|  |TAMS 0x0000000088c00000| PB 0x0000000088b00000| Untracked |  0
| 100|0x0000000088c00000, 0x0000000088d00000, 0x0000000088d00000|100%| O|  |TAMS 0x0000000088d00000| PB 0x0000000088c00000| Untracked |  0
| 101|0x0000000088d00000, 0x0000000088e00000, 0x0000000088e00000|100%| O|  |TAMS 0x0000000088e00000| PB 0x0000000088d00000| Untracked |  0
| 102|0x0000000088e00000, 0x0000000088f00000, 0x0000000088f00000|100%| O|  |TAMS 0x0000000088f00000| PB 0x0000000088e00000| Untracked |  0
| 103|0x0000000088f00000, 0x0000000089000000, 0x0000000089000000|100%| O|  |TAMS 0x0000000089000000| PB 0x0000000088f00000| Untracked |  0
| 104|0x0000000089000000, 0x0000000089100000, 0x0000000089100000|100%| O|  |TAMS 0x0000000089100000| PB 0x0000000089000000| Untracked |  0
| 105|0x0000000089100000, 0x0000000089200000, 0x0000000089200000|100%| O|  |TAMS 0x0000000089200000| PB 0x0000000089100000| Untracked |  0
| 106|0x0000000089200000, 0x0000000089300000, 0x0000000089300000|100%| O|  |TAMS 0x0000000089300000| PB 0x0000000089200000| Untracked |  0
| 107|0x0000000089300000, 0x0000000089400000, 0x0000000089400000|100%| O|  |TAMS 0x0000000089400000| PB 0x0000000089300000| Untracked |  0
| 108|0x0000000089400000, 0x0000000089500000, 0x0000000089500000|100%| O|  |TAMS 0x0000000089500000| PB 0x0000000089400000| Untracked |  0
| 109|0x0000000089500000, 0x0000000089600000, 0x0000000089600000|100%| O|  |TAMS 0x0000000089600000| PB 0x0000000089500000| Untracked |  0
| 110|0x0000000089600000, 0x0000000089700000, 0x0000000089700000|100%|HS|  |TAMS 0x0000000089700000| PB 0x0000000089600000| Complete |  0
| 111|0x0000000089700000, 0x0000000089800000, 0x0000000089800000|100%|HC|  |TAMS 0x0000000089800000| PB 0x0000000089700000| Complete |  0
| 112|0x0000000089800000, 0x0000000089900000, 0x0000000089900000|100%| O|  |TAMS 0x0000000089900000| PB 0x0000000089800000| Untracked |  0
| 113|0x0000000089900000, 0x0000000089a00000, 0x0000000089a00000|100%| O|  |TAMS 0x0000000089a00000| PB 0x0000000089900000| Untracked |  0
| 114|0x0000000089a00000, 0x0000000089b00000, 0x0000000089b00000|100%| O|  |TAMS 0x0000000089b00000| PB 0x0000000089a00000| Untracked |  0
| 115|0x0000000089b00000, 0x0000000089c00000, 0x0000000089c00000|100%| O|  |TAMS 0x0000000089c00000| PB 0x0000000089b00000| Untracked |  0
| 116|0x0000000089c00000, 0x0000000089d00000, 0x0000000089d00000|100%| O|  |TAMS 0x0000000089d00000| PB 0x0000000089c00000| Untracked |  0
| 117|0x0000000089d00000, 0x0000000089e00000, 0x0000000089e00000|100%| O|  |TAMS 0x0000000089e00000| PB 0x0000000089d00000| Untracked |  0
| 118|0x0000000089e00000, 0x0000000089f00000, 0x0000000089f00000|100%| O|  |TAMS 0x0000000089f00000| PB 0x0000000089e00000| Untracked |  0
| 119|0x0000000089f00000, 0x000000008a000000, 0x000000008a000000|100%| O|  |TAMS 0x000000008a000000| PB 0x0000000089f00000| Untracked |  0
| 120|0x000000008a000000, 0x000000008a100000, 0x000000008a100000|100%| O|  |TAMS 0x000000008a100000| PB 0x000000008a000000| Untracked |  0
| 121|0x000000008a100000, 0x000000008a200000, 0x000000008a200000|100%|HS|  |TAMS 0x000000008a200000| PB 0x000000008a100000| Complete |  0
| 122|0x000000008a200000, 0x000000008a300000, 0x000000008a300000|100%|HC|  |TAMS 0x000000008a300000| PB 0x000000008a200000| Complete |  0
| 123|0x000000008a300000, 0x000000008a400000, 0x000000008a400000|100%|HC|  |TAMS 0x000000008a400000| PB 0x000000008a300000| Complete |  0
| 124|0x000000008a400000, 0x000000008a500000, 0x000000008a500000|100%| O|  |TAMS 0x000000008a500000| PB 0x000000008a400000| Untracked |  0
| 125|0x000000008a500000, 0x000000008a600000, 0x000000008a600000|100%| O|  |TAMS 0x000000008a600000| PB 0x000000008a500000| Untracked |  0
| 126|0x000000008a600000, 0x000000008a700000, 0x000000008a700000|100%| O|  |TAMS 0x000000008a700000| PB 0x000000008a600000| Untracked |  0
| 127|0x000000008a700000, 0x000000008a800000, 0x000000008a800000|100%| O|  |TAMS 0x000000008a800000| PB 0x000000008a700000| Untracked |  0
| 128|0x000000008a800000, 0x000000008a900000, 0x000000008a900000|100%| O|  |TAMS 0x000000008a900000| PB 0x000000008a800000| Untracked |  0
| 129|0x000000008a900000, 0x000000008aa00000, 0x000000008aa00000|100%| O|  |TAMS 0x000000008aa00000| PB 0x000000008a900000| Untracked |  0
| 130|0x000000008aa00000, 0x000000008ab00000, 0x000000008ab00000|100%| O|  |TAMS 0x000000008ab00000| PB 0x000000008aa00000| Untracked |  0
| 131|0x000000008ab00000, 0x000000008ac00000, 0x000000008ac00000|100%| O|  |TAMS 0x000000008ac00000| PB 0x000000008ab00000| Untracked |  0
| 132|0x000000008ac00000, 0x000000008ad00000, 0x000000008ad00000|100%| O|  |TAMS 0x000000008ad00000| PB 0x000000008ac00000| Untracked |  0
| 133|0x000000008ad00000, 0x000000008ae00000, 0x000000008ae00000|100%| O|  |TAMS 0x000000008ae00000| PB 0x000000008ad00000| Untracked |  0
| 134|0x000000008ae00000, 0x000000008af00000, 0x000000008af00000|100%| O|  |TAMS 0x000000008af00000| PB 0x000000008ae00000| Untracked |  0
| 135|0x000000008af00000, 0x000000008b000000, 0x000000008b000000|100%| O|  |TAMS 0x000000008b000000| PB 0x000000008af00000| Untracked |  0
| 136|0x000000008b000000, 0x000000008b100000, 0x000000008b100000|100%| O|  |TAMS 0x000000008b100000| PB 0x000000008b000000| Untracked |  0
| 137|0x000000008b100000, 0x000000008b200000, 0x000000008b200000|100%| O|  |TAMS 0x000000008b200000| PB 0x000000008b100000| Untracked |  0
| 138|0x000000008b200000, 0x000000008b300000, 0x000000008b300000|100%| O|  |TAMS 0x000000008b300000| PB 0x000000008b200000| Untracked |  0
| 139|0x000000008b300000, 0x000000008b300000, 0x000000008b400000|  0%| F|  |TAMS 0x000000008b300000| PB 0x000000008b300000| Untracked |  0
| 140|0x000000008b400000, 0x000000008b400000, 0x000000008b500000|  0%| F|  |TAMS 0x000000008b400000| PB 0x000000008b400000| Untracked |  0
| 141|0x000000008b500000, 0x000000008b500000, 0x000000008b600000|  0%| F|  |TAMS 0x000000008b500000| PB 0x000000008b500000| Untracked |  0
| 142|0x000000008b600000, 0x000000008b600000, 0x000000008b700000|  0%| F|  |TAMS 0x000000008b600000| PB 0x000000008b600000| Untracked |  0
| 143|0x000000008b700000, 0x000000008b700000, 0x000000008b800000|  0%| F|  |TAMS 0x000000008b700000| PB 0x000000008b700000| Untracked |  0
| 144|0x000000008b800000, 0x000000008b800000, 0x000000008b900000|  0%| F|  |TAMS 0x000000008b800000| PB 0x000000008b800000| Untracked |  0
| 145|0x000000008b900000, 0x000000008b900000, 0x000000008ba00000|  0%| F|  |TAMS 0x000000008b900000| PB 0x000000008b900000| Untracked |  0
| 146|0x000000008ba00000, 0x000000008ba00000, 0x000000008bb00000|  0%| F|  |TAMS 0x000000008ba00000| PB 0x000000008ba00000| Untracked |  0
| 147|0x000000008bb00000, 0x000000008bb00000, 0x000000008bc00000|  0%| F|  |TAMS 0x000000008bb00000| PB 0x000000008bb00000| Untracked |  0
| 148|0x000000008bc00000, 0x000000008bc00000, 0x000000008bd00000|  0%| F|  |TAMS 0x000000008bc00000| PB 0x000000008bc00000| Untracked |  0
| 149|0x000000008bd00000, 0x000000008bd00000, 0x000000008be00000|  0%| F|  |TAMS 0x000000008bd00000| PB 0x000000008bd00000| Untracked |  0
| 150|0x000000008be00000, 0x000000008be00000, 0x000000008bf00000|  0%| F|  |TAMS 0x000000008be00000| PB 0x000000008be00000| Untracked |  0
| 151|0x000000008bf00000, 0x000000008bf00000, 0x000000008c000000|  0%| F|  |TAMS 0x000000008bf00000| PB 0x000000008bf00000| Untracked |  0
| 152|0x000000008c000000, 0x000000008c000000, 0x000000008c100000|  0%| F|  |TAMS 0x000000008c000000| PB 0x000000008c000000| Untracked |  0
| 153|0x000000008c100000, 0x000000008c100000, 0x000000008c200000|  0%| F|  |TAMS 0x000000008c100000| PB 0x000000008c100000| Untracked |  0
| 154|0x000000008c200000, 0x000000008c200000, 0x000000008c300000|  0%| F|  |TAMS 0x000000008c200000| PB 0x000000008c200000| Untracked |  0
| 155|0x000000008c300000, 0x000000008c300000, 0x000000008c400000|  0%| F|  |TAMS 0x000000008c300000| PB 0x000000008c300000| Untracked |  0
| 156|0x000000008c400000, 0x000000008c400000, 0x000000008c500000|  0%| F|  |TAMS 0x000000008c400000| PB 0x000000008c400000| Untracked |  0
| 157|0x000000008c500000, 0x000000008c500000, 0x000000008c600000|  0%| F|  |TAMS 0x000000008c500000| PB 0x000000008c500000| Untracked |  0
| 158|0x000000008c600000, 0x000000008c600000, 0x000000008c700000|  0%| F|  |TAMS 0x000000008c600000| PB 0x000000008c600000| Untracked |  0
| 159|0x000000008c700000, 0x000000008c700000, 0x000000008c800000|  0%| F|  |TAMS 0x000000008c700000| PB 0x000000008c700000| Untracked |  0
| 160|0x000000008c800000, 0x000000008c800000, 0x000000008c900000|  0%| F|  |TAMS 0x000000008c800000| PB 0x000000008c800000| Untracked |  0
| 161|0x000000008c900000, 0x000000008c900000, 0x000000008ca00000|  0%| F|  |TAMS 0x000000008c900000| PB 0x000000008c900000| Untracked |  0
| 162|0x000000008ca00000, 0x000000008ca00000, 0x000000008cb00000|  0%| F|  |TAMS 0x000000008ca00000| PB 0x000000008ca00000| Untracked |  0
| 163|0x000000008cb00000, 0x000000008cb00000, 0x000000008cc00000|  0%| F|  |TAMS 0x000000008cb00000| PB 0x000000008cb00000| Untracked |  0
| 164|0x000000008cc00000, 0x000000008cc00000, 0x000000008cd00000|  0%| F|  |TAMS 0x000000008cc00000| PB 0x000000008cc00000| Untracked |  0
| 165|0x000000008cd00000, 0x000000008cd00000, 0x000000008ce00000|  0%| F|  |TAMS 0x000000008cd00000| PB 0x000000008cd00000| Untracked |  0
| 166|0x000000008ce00000, 0x000000008ce00000, 0x000000008cf00000|  0%| F|  |TAMS 0x000000008ce00000| PB 0x000000008ce00000| Untracked |  0
| 167|0x000000008cf00000, 0x000000008cf00000, 0x000000008d000000|  0%| F|  |TAMS 0x000000008cf00000| PB 0x000000008cf00000| Untracked |  0
| 168|0x000000008d000000, 0x000000008d000000, 0x000000008d100000|  0%| F|  |TAMS 0x000000008d000000| PB 0x000000008d000000| Untracked |  0
| 169|0x000000008d100000, 0x000000008d100000, 0x000000008d200000|  0%| F|  |TAMS 0x000000008d100000| PB 0x000000008d100000| Untracked |  0
| 170|0x000000008d200000, 0x000000008d300000, 0x000000008d300000|100%| S|CS|TAMS 0x000000008d200000| PB 0x000000008d200000| Complete |  0
| 171|0x000000008d300000, 0x000000008d400000, 0x000000008d400000|100%| S|CS|TAMS 0x000000008d300000| PB 0x000000008d300000| Complete |  0
| 172|0x000000008d400000, 0x000000008d500000, 0x000000008d500000|100%| S|CS|TAMS 0x000000008d400000| PB 0x000000008d400000| Complete |  0
| 173|0x000000008d500000, 0x000000008d500000, 0x000000008d600000|  0%| F|  |TAMS 0x000000008d500000| PB 0x000000008d500000| Untracked |  0
| 174|0x000000008d600000, 0x000000008d600000, 0x000000008d700000|  0%| F|  |TAMS 0x000000008d600000| PB 0x000000008d600000| Untracked |  0
| 175|0x000000008d700000, 0x000000008d700000, 0x000000008d800000|  0%| F|  |TAMS 0x000000008d700000| PB 0x000000008d700000| Untracked |  0
| 176|0x000000008d800000, 0x000000008d800000, 0x000000008d900000|  0%| F|  |TAMS 0x000000008d800000| PB 0x000000008d800000| Untracked |  0
| 177|0x000000008d900000, 0x000000008d900000, 0x000000008da00000|  0%| F|  |TAMS 0x000000008d900000| PB 0x000000008d900000| Untracked |  0
| 178|0x000000008da00000, 0x000000008da00000, 0x000000008db00000|  0%| F|  |TAMS 0x000000008da00000| PB 0x000000008da00000| Untracked |  0
| 179|0x000000008db00000, 0x000000008db00000, 0x000000008dc00000|  0%| F|  |TAMS 0x000000008db00000| PB 0x000000008db00000| Untracked |  0
| 180|0x000000008dc00000, 0x000000008dc00000, 0x000000008dd00000|  0%| F|  |TAMS 0x000000008dc00000| PB 0x000000008dc00000| Untracked |  0
| 181|0x000000008dd00000, 0x000000008dd00000, 0x000000008de00000|  0%| F|  |TAMS 0x000000008dd00000| PB 0x000000008dd00000| Untracked |  0
| 182|0x000000008de00000, 0x000000008de00000, 0x000000008df00000|  0%| F|  |TAMS 0x000000008de00000| PB 0x000000008de00000| Untracked |  0
| 183|0x000000008df00000, 0x000000008df00000, 0x000000008e000000|  0%| F|  |TAMS 0x000000008df00000| PB 0x000000008df00000| Untracked |  0
| 184|0x000000008e000000, 0x000000008e000000, 0x000000008e100000|  0%| F|  |TAMS 0x000000008e000000| PB 0x000000008e000000| Untracked |  0
| 185|0x000000008e100000, 0x000000008e100000, 0x000000008e200000|  0%| F|  |TAMS 0x000000008e100000| PB 0x000000008e100000| Untracked |  0
| 186|0x000000008e200000, 0x000000008e200000, 0x000000008e300000|  0%| F|  |TAMS 0x000000008e200000| PB 0x000000008e200000| Untracked |  0
| 187|0x000000008e300000, 0x000000008e300000, 0x000000008e400000|  0%| F|  |TAMS 0x000000008e300000| PB 0x000000008e300000| Untracked |  0
| 188|0x000000008e400000, 0x000000008e400000, 0x000000008e500000|  0%| F|  |TAMS 0x000000008e400000| PB 0x000000008e400000| Untracked |  0
| 189|0x000000008e500000, 0x000000008e500000, 0x000000008e600000|  0%| F|  |TAMS 0x000000008e500000| PB 0x000000008e500000| Untracked |  0
| 190|0x000000008e600000, 0x000000008e600000, 0x000000008e700000|  0%| F|  |TAMS 0x000000008e600000| PB 0x000000008e600000| Untracked |  0
| 191|0x000000008e700000, 0x000000008e700000, 0x000000008e800000|  0%| F|  |TAMS 0x000000008e700000| PB 0x000000008e700000| Untracked |  0
| 192|0x000000008e800000, 0x000000008e800000, 0x000000008e900000|  0%| F|  |TAMS 0x000000008e800000| PB 0x000000008e800000| Untracked |  0
| 193|0x000000008e900000, 0x000000008e900000, 0x000000008ea00000|  0%| F|  |TAMS 0x000000008e900000| PB 0x000000008e900000| Untracked |  0
| 194|0x000000008ea00000, 0x000000008ea00000, 0x000000008eb00000|  0%| F|  |TAMS 0x000000008ea00000| PB 0x000000008ea00000| Untracked |  0
| 195|0x000000008eb00000, 0x000000008eb00000, 0x000000008ec00000|  0%| F|  |TAMS 0x000000008eb00000| PB 0x000000008eb00000| Untracked |  0
| 196|0x000000008ec00000, 0x000000008ec00000, 0x000000008ed00000|  0%| F|  |TAMS 0x000000008ec00000| PB 0x000000008ec00000| Untracked |  0
| 197|0x000000008ed00000, 0x000000008ed00000, 0x000000008ee00000|  0%| F|  |TAMS 0x000000008ed00000| PB 0x000000008ed00000| Untracked |  0
| 198|0x000000008ee00000, 0x000000008ee00000, 0x000000008ef00000|  0%| F|  |TAMS 0x000000008ee00000| PB 0x000000008ee00000| Untracked |  0
| 199|0x000000008ef00000, 0x000000008ef00000, 0x000000008f000000|  0%| F|  |TAMS 0x000000008ef00000| PB 0x000000008ef00000| Untracked |  0
| 200|0x000000008f000000, 0x000000008f000000, 0x000000008f100000|  0%| F|  |TAMS 0x000000008f000000| PB 0x000000008f000000| Untracked |  0
| 201|0x000000008f100000, 0x000000008f100000, 0x000000008f200000|  0%| F|  |TAMS 0x000000008f100000| PB 0x000000008f100000| Untracked |  0
| 202|0x000000008f200000, 0x000000008f200000, 0x000000008f300000|  0%| F|  |TAMS 0x000000008f200000| PB 0x000000008f200000| Untracked |  0
| 203|0x000000008f300000, 0x000000008f300000, 0x000000008f400000|  0%| F|  |TAMS 0x000000008f300000| PB 0x000000008f300000| Untracked |  0
| 204|0x000000008f400000, 0x000000008f400000, 0x000000008f500000|  0%| F|  |TAMS 0x000000008f400000| PB 0x000000008f400000| Untracked |  0
| 205|0x000000008f500000, 0x000000008f500000, 0x000000008f600000|  0%| F|  |TAMS 0x000000008f500000| PB 0x000000008f500000| Untracked |  0
| 206|0x000000008f600000, 0x000000008f600000, 0x000000008f700000|  0%| F|  |TAMS 0x000000008f600000| PB 0x000000008f600000| Untracked |  0
| 207|0x000000008f700000, 0x000000008f700000, 0x000000008f800000|  0%| F|  |TAMS 0x000000008f700000| PB 0x000000008f700000| Untracked |  0
| 208|0x000000008f800000, 0x000000008f800000, 0x000000008f900000|  0%| F|  |TAMS 0x000000008f800000| PB 0x000000008f800000| Untracked |  0
| 209|0x000000008f900000, 0x000000008f900000, 0x000000008fa00000|  0%| F|  |TAMS 0x000000008f900000| PB 0x000000008f900000| Untracked |  0
| 210|0x000000008fa00000, 0x000000008fa00000, 0x000000008fb00000|  0%| F|  |TAMS 0x000000008fa00000| PB 0x000000008fa00000| Untracked |  0
| 211|0x000000008fb00000, 0x000000008fb00000, 0x000000008fc00000|  0%| F|  |TAMS 0x000000008fb00000| PB 0x000000008fb00000| Untracked |  0
| 212|0x000000008fc00000, 0x000000008fc00000, 0x000000008fd00000|  0%| F|  |TAMS 0x000000008fc00000| PB 0x000000008fc00000| Untracked |  0
| 213|0x000000008fd00000, 0x000000008fd00000, 0x000000008fe00000|  0%| F|  |TAMS 0x000000008fd00000| PB 0x000000008fd00000| Untracked |  0
| 214|0x000000008fe00000, 0x000000008fe00000, 0x000000008ff00000|  0%| F|  |TAMS 0x000000008fe00000| PB 0x000000008fe00000| Untracked |  0
| 215|0x000000008ff00000, 0x000000008ff00000, 0x0000000090000000|  0%| F|  |TAMS 0x000000008ff00000| PB 0x000000008ff00000| Untracked |  0
| 216|0x0000000090000000, 0x0000000090000000, 0x0000000090100000|  0%| F|  |TAMS 0x0000000090000000| PB 0x0000000090000000| Untracked |  0
| 217|0x0000000090100000, 0x0000000090100000, 0x0000000090200000|  0%| F|  |TAMS 0x0000000090100000| PB 0x0000000090100000| Untracked |  0
| 218|0x0000000090200000, 0x0000000090200000, 0x0000000090300000|  0%| F|  |TAMS 0x0000000090200000| PB 0x0000000090200000| Untracked |  0
| 219|0x0000000090300000, 0x0000000090300000, 0x0000000090400000|  0%| F|  |TAMS 0x0000000090300000| PB 0x0000000090300000| Untracked |  0
| 220|0x0000000090400000, 0x0000000090400000, 0x0000000090500000|  0%| F|  |TAMS 0x0000000090400000| PB 0x0000000090400000| Untracked |  0
| 221|0x0000000090500000, 0x0000000090500000, 0x0000000090600000|  0%| F|  |TAMS 0x0000000090500000| PB 0x0000000090500000| Untracked |  0
| 222|0x0000000090600000, 0x0000000090600000, 0x0000000090700000|  0%| F|  |TAMS 0x0000000090600000| PB 0x0000000090600000| Untracked |  0
| 223|0x0000000090700000, 0x0000000090700000, 0x0000000090800000|  0%| F|  |TAMS 0x0000000090700000| PB 0x0000000090700000| Untracked |  0
| 224|0x0000000090800000, 0x0000000090800000, 0x0000000090900000|  0%| F|  |TAMS 0x0000000090800000| PB 0x0000000090800000| Untracked |  0
| 225|0x0000000090900000, 0x0000000090900000, 0x0000000090a00000|  0%| F|  |TAMS 0x0000000090900000| PB 0x0000000090900000| Untracked |  0
| 226|0x0000000090a00000, 0x0000000090a00000, 0x0000000090b00000|  0%| F|  |TAMS 0x0000000090a00000| PB 0x0000000090a00000| Untracked |  0
| 227|0x0000000090b00000, 0x0000000090b00000, 0x0000000090c00000|  0%| F|  |TAMS 0x0000000090b00000| PB 0x0000000090b00000| Untracked |  0
| 228|0x0000000090c00000, 0x0000000090c00000, 0x0000000090d00000|  0%| F|  |TAMS 0x0000000090c00000| PB 0x0000000090c00000| Untracked |  0
| 229|0x0000000090d00000, 0x0000000090d00000, 0x0000000090e00000|  0%| F|  |TAMS 0x0000000090d00000| PB 0x0000000090d00000| Untracked |  0
| 230|0x0000000090e00000, 0x0000000090e00000, 0x0000000090f00000|  0%| F|  |TAMS 0x0000000090e00000| PB 0x0000000090e00000| Untracked |  0
| 231|0x0000000090f00000, 0x0000000090f00000, 0x0000000091000000|  0%| F|  |TAMS 0x0000000090f00000| PB 0x0000000090f00000| Untracked |  0
| 232|0x0000000091000000, 0x0000000091000000, 0x0000000091100000|  0%| F|  |TAMS 0x0000000091000000| PB 0x0000000091000000| Untracked |  0
| 233|0x0000000091100000, 0x0000000091100000, 0x0000000091200000|  0%| F|  |TAMS 0x0000000091100000| PB 0x0000000091100000| Untracked |  0
| 234|0x0000000091200000, 0x0000000091200000, 0x0000000091300000|  0%| F|  |TAMS 0x0000000091200000| PB 0x0000000091200000| Untracked |  0
| 235|0x0000000091300000, 0x0000000091300000, 0x0000000091400000|  0%| F|  |TAMS 0x0000000091300000| PB 0x0000000091300000| Untracked |  0
| 236|0x0000000091400000, 0x0000000091400000, 0x0000000091500000|  0%| F|  |TAMS 0x0000000091400000| PB 0x0000000091400000| Untracked |  0
| 237|0x0000000091500000, 0x0000000091500000, 0x0000000091600000|  0%| F|  |TAMS 0x0000000091500000| PB 0x0000000091500000| Untracked |  0
| 238|0x0000000091600000, 0x0000000091600000, 0x0000000091700000|  0%| F|  |TAMS 0x0000000091600000| PB 0x0000000091600000| Untracked |  0
| 239|0x0000000091700000, 0x0000000091700000, 0x0000000091800000|  0%| F|  |TAMS 0x0000000091700000| PB 0x0000000091700000| Untracked |  0
| 240|0x0000000091800000, 0x0000000091800000, 0x0000000091900000|  0%| F|  |TAMS 0x0000000091800000| PB 0x0000000091800000| Untracked |  0
| 241|0x0000000091900000, 0x0000000091900000, 0x0000000091a00000|  0%| F|  |TAMS 0x0000000091900000| PB 0x0000000091900000| Untracked |  0
| 242|0x0000000091a00000, 0x0000000091a00000, 0x0000000091b00000|  0%| F|  |TAMS 0x0000000091a00000| PB 0x0000000091a00000| Untracked |  0
| 243|0x0000000091b00000, 0x0000000091b00000, 0x0000000091c00000|  0%| F|  |TAMS 0x0000000091b00000| PB 0x0000000091b00000| Untracked |  0
| 244|0x0000000091c00000, 0x0000000091c00000, 0x0000000091d00000|  0%| F|  |TAMS 0x0000000091c00000| PB 0x0000000091c00000| Untracked |  0
| 245|0x0000000091d00000, 0x0000000091d00000, 0x0000000091e00000|  0%| F|  |TAMS 0x0000000091d00000| PB 0x0000000091d00000| Untracked |  0
| 246|0x0000000091e00000, 0x0000000091e00000, 0x0000000091f00000|  0%| F|  |TAMS 0x0000000091e00000| PB 0x0000000091e00000| Untracked |  0
| 247|0x0000000091f00000, 0x0000000091f00000, 0x0000000092000000|  0%| F|  |TAMS 0x0000000091f00000| PB 0x0000000091f00000| Untracked |  0
| 248|0x0000000092000000, 0x0000000092000000, 0x0000000092100000|  0%| F|  |TAMS 0x0000000092000000| PB 0x0000000092000000| Untracked |  0
|2002|0x00000000ffa00000, 0x00000000ffb00000, 0x00000000ffb00000|100%| O|  |TAMS 0x00000000ffb00000| PB 0x00000000ffa00000| Untracked |  0
|2003|0x00000000ffb00000, 0x00000000ffb00000, 0x00000000ffc00000|  0%| F|  |TAMS 0x00000000ffb00000| PB 0x00000000ffb00000| Untracked |  0
|2004|0x00000000ffc00000, 0x00000000ffc00000, 0x00000000ffd00000|  0%| F|  |TAMS 0x00000000ffc00000| PB 0x00000000ffc00000| Untracked |  0
|2005|0x00000000ffd00000, 0x00000000ffd00000, 0x00000000ffe00000|  0%| F|  |TAMS 0x00000000ffd00000| PB 0x00000000ffd00000| Untracked |  0
|2006|0x00000000ffe00000, 0x00000000fff00000, 0x00000000fff00000|100%| O|  |TAMS 0x00000000fff00000| PB 0x00000000ffe00000| Untracked |  0
|2007|0x00000000fff00000, 0x00000000fff00000, 0x0000000100000000|  0%| F|  |TAMS 0x00000000fff00000| PB 0x00000000fff00000| Untracked |  0

Card table byte_map: [0x000001d8aecf0000,0x000001d8af0e0000] _byte_map_base: 0x000001d8ae8dc000

Marking Bits: (CMBitMap*) 0x000001d8a30e6f70
 Bits: [0x000001d8af0e0000, 0x000001d8b1040000)

Polling page: 0x000001d8a0f50000

Metaspace:
Metaspace        used 71456K, committed 72000K, reserved 1114112K
 class space     used 8388K, committed 8640K, reserved 1048576K

Usage:
  Non-class:     61.59 MB used.
      Class:      8.19 MB used.
       Both:     69.78 MB used.

Virtual space:
  Non-class space:       64.00 MB reserved,      61.88 MB ( 97%) committed,  1 nodes.
      Class space:        1.00 GB reserved,       8.44 MB ( <1%) committed,  1 nodes.
             Both:        1.06 GB reserved,      70.31 MB (  6%) committed. 

Chunk freelists:
   Non-Class:  1.39 MB
       Class:  7.39 MB
        Both:  8.78 MB

MaxMetaspaceSize: unlimited
CompressedClassSpaceSize: 1.00 GB
Initial GC threshold: 21.00 MB
Current GC threshold: 115.31 MB
CDS: on
 - commit_granule_bytes: 65536.
 - commit_granule_words: 8192.
 - virtual_space_node_default_size: 8388608.
 - enlarge_chunks_in_place: 1.
UseCompressedClassPointers 1, UseCompactObjectHeaders 0
Narrow klass pointer bits 32, Max shift 3
Narrow klass base: 0x0000000026000000, Narrow klass shift: 0
Encoding Range: [0x0000000026000000 - 0x0000000126000000), (4294967296 bytes)
Klass Range:    [0x0000000026010000 - 0x0000000067000000), (1090453504 bytes)
Klass ID Range:  [65536 - 1090519033) (1090453497)
Protection zone: [0x0000000026000000 - 0x0000000026010000), (65536 bytes)


Internal statistics:

num_allocs_failed_limit: 12.
num_arena_births: 668.
num_arena_deaths: 0.
num_vsnodes_births: 2.
num_vsnodes_deaths: 0.
num_space_committed: 1125.
num_space_uncommitted: 0.
num_chunks_returned_to_freelist: 12.
num_chunks_taken_from_freelist: 3125.
num_chunk_merges: 12.
num_chunk_splits: 2377.
num_chunks_enlarged: 1991.
num_inconsistent_stats: 0.

CodeCache: size=49152Kb used=11004Kb max_used=11004Kb free=38147Kb
 bounds [0x000001d8ab900000, 0x000001d8ac3f0000, 0x000001d8ae900000]
 total_blobs=8558, nmethods=7804, adapters=675, full_count=0
Compilation: enabled, stopped_count=0, restarted_count=0

Compilation events (20 events):
Event: 8.109 Thread 0x000001d8a30981e0 7922       1       org.springframework.orm.jpa.support.PersistenceAnnotationBeanPostProcessor$$Lambda/0x00000000272d6240::<init> (15 bytes)
Event: 8.109 Thread 0x000001d8b83a0030 7923       1       java.lang.Class::copyFields (36 bytes)
Event: 8.109 Thread 0x000001d8a30981e0 nmethod 7922 0x000001d8abadd408 code [0x000001d8abadd500, 0x000001d8abadd660]
Event: 8.109 Thread 0x000001d8a309ba50 7924       1       org.springframework.orm.jpa.support.PersistenceAnnotationBeanPostProcessor$$Lambda/0x00000000272d6470::<init> (20 bytes)
Event: 8.109 Thread 0x000001d8a309ba50 nmethod 7924 0x000001d8abadd108 code [0x000001d8abadd200, 0x000001d8abadd3d8]
Event: 8.110 Thread 0x000001d8b83a0030 nmethod 7923 0x000001d8abadcc08 code [0x000001d8abadcd00, 0x000001d8abadd090]
Event: 8.113 Thread 0x000001d8a30981e0 7925       1       org.springframework.context.annotation.CommonAnnotationBeanPostProcessor$$Lambda/0x00000000272d68d0::<init> (15 bytes)
Event: 8.113 Thread 0x000001d8b83a0030 7926       1       org.springframework.context.annotation.CommonAnnotationBeanPostProcessor$$Lambda/0x00000000272d6b00::<init> (20 bytes)
Event: 8.113 Thread 0x000001d8a309ba50 7927       1       org.springframework.beans.factory.annotation.AutowiredAnnotationBeanPostProcessor$$Lambda/0x00000000272d6d30::<init> (15 bytes)
Event: 8.113 Thread 0x000001d8b83a0030 nmethod 7926 0x000001d8abadc908 code [0x000001d8abadca00, 0x000001d8abadcbd8]
Event: 8.113 Thread 0x000001d8a309ba50 nmethod 7927 0x000001d8abadc608 code [0x000001d8abadc700, 0x000001d8abadc860]
Event: 8.113 Thread 0x000001d8a30981e0 nmethod 7925 0x000001d8abadc308 code [0x000001d8abadc400, 0x000001d8abadc560]
Event: 8.113 Thread 0x000001d8a30981e0 7928       1       org.springframework.beans.factory.annotation.AutowiredAnnotationBeanPostProcessor$$Lambda/0x00000000272d6f60::<init> (20 bytes)
Event: 8.113 Thread 0x000001d8a309ba50 7929   !   1       org.springframework.beans.factory.annotation.AutowiredAnnotationBeanPostProcessor::sortMethodElements (240 bytes)
Event: 8.113 Thread 0x000001d8a30981e0 nmethod 7928 0x000001d8abadc008 code [0x000001d8abadc100, 0x000001d8abadc2d8]
Event: 8.114 Thread 0x000001d8a309ba50 nmethod 7929 0x000001d8abadb488 code [0x000001d8abadb580, 0x000001d8abadbfb8]
Event: 8.114 Thread 0x000001d8a30981e0 7930       1       org.springframework.core.ResolvableType::forMethodParameter (23 bytes)
Event: 8.115 Thread 0x000001d8a30981e0 nmethod 7930 0x000001d8abadae08 code [0x000001d8abadaf00, 0x000001d8abadb438]
Event: 8.122 Thread 0x000001d8a30981e0 7931       1       org.springframework.core.BridgeMethodResolver::isResolvedTypeMatch (107 bytes)
Event: 8.123 Thread 0x000001d8a30981e0 nmethod 7931 0x000001d8abada588 code [0x000001d8abada680, 0x000001d8abadada8]

GC Heap Usage History (20 events):
Event: 6.522 {heap After GC invocations=19 (full 0):
 garbage-first heap   total reserved 2056192K, committed 117760K, used 47886K [0x0000000082800000, 0x0000000100000000)
  region size 1024K, 2 young (2048K), 2 survivors (2048K)
}
Event: 6.693 {heap Before GC invocations=19 (full 0):
 garbage-first heap   total reserved 2056192K, committed 117760K, used 97038K [0x0000000082800000, 0x0000000100000000)
  region size 1024K, 51 young (52224K), 2 survivors (2048K)
}
Event: 6.700 {heap After GC invocations=20 (full 0):
 garbage-first heap   total reserved 2056192K, committed 117760K, used 52621K [0x0000000082800000, 0x0000000100000000)
  region size 1024K, 7 young (7168K), 7 survivors (7168K)
}
Event: 6.780 {heap Before GC invocations=20 (full 0):
 garbage-first heap   total reserved 2056192K, committed 117760K, used 93581K [0x0000000082800000, 0x0000000100000000)
  region size 1024K, 48 young (49152K), 7 survivors (7168K)
}
Event: 6.798 {heap After GC invocations=21 (full 0):
 garbage-first heap   total reserved 2056192K, committed 117760K, used 66358K [0x0000000082800000, 0x0000000100000000)
  region size 1024K, 7 young (7168K), 7 survivors (7168K)
}
Event: 6.868 {heap Before GC invocations=22 (full 0):
 garbage-first heap   total reserved 2056192K, committed 117760K, used 98102K [0x0000000082800000, 0x0000000100000000)
  region size 1024K, 38 young (38912K), 7 survivors (7168K)
}
Event: 6.886 {heap After GC invocations=23 (full 0):
 garbage-first heap   total reserved 2056192K, committed 118784K, used 79316K [0x0000000082800000, 0x0000000100000000)
  region size 1024K, 5 young (5120K), 5 survivors (5120K)
}
Event: 6.935 {heap Before GC invocations=23 (full 0):
 garbage-first heap   total reserved 2056192K, committed 118784K, used 101844K [0x0000000082800000, 0x0000000100000000)
  region size 1024K, 27 young (27648K), 5 survivors (5120K)
}
Event: 6.948 {heap After GC invocations=24 (full 0):
 garbage-first heap   total reserved 2056192K, committed 118784K, used 87552K [0x0000000082800000, 0x0000000100000000)
  region size 1024K, 4 young (4096K), 4 survivors (4096K)
}
Event: 6.981 {heap Before GC invocations=24 (full 0):
 garbage-first heap   total reserved 2056192K, committed 118784K, used 104960K [0x0000000082800000, 0x0000000100000000)
  region size 1024K, 21 young (21504K), 4 survivors (4096K)
}
Event: 6.990 {heap After GC invocations=25 (full 0):
 garbage-first heap   total reserved 2056192K, committed 261120K, used 89533K [0x0000000082800000, 0x0000000100000000)
  region size 1024K, 3 young (3072K), 3 survivors (3072K)
}
Event: 7.248 {heap Before GC invocations=25 (full 0):
 garbage-first heap   total reserved 2056192K, committed 261120K, used 187837K [0x0000000082800000, 0x0000000100000000)
  region size 1024K, 98 young (100352K), 3 survivors (3072K)
}
Event: 7.273 {heap After GC invocations=26 (full 0):
 garbage-first heap   total reserved 2056192K, committed 261120K, used 112640K [0x0000000082800000, 0x0000000100000000)
  region size 1024K, 13 young (13312K), 13 survivors (13312K)
}
Event: 7.323 {heap Before GC invocations=26 (full 0):
 garbage-first heap   total reserved 2056192K, committed 261120K, used 139264K [0x0000000082800000, 0x0000000100000000)
  region size 1024K, 40 young (40960K), 13 survivors (13312K)
}
Event: 7.347 {heap After GC invocations=27 (full 0):
 garbage-first heap   total reserved 2056192K, committed 261120K, used 125440K [0x0000000082800000, 0x0000000100000000)
  region size 1024K, 11 young (11264K), 11 survivors (11264K)
}
Event: 7.529 {heap Before GC invocations=28 (full 0):
 garbage-first heap   total reserved 2056192K, committed 261120K, used 181760K [0x0000000082800000, 0x0000000100000000)
  region size 1024K, 78 young (79872K), 11 survivors (11264K)
}
Event: 7.563 {heap After GC invocations=29 (full 0):
 garbage-first heap   total reserved 2056192K, committed 261120K, used 136192K [0x0000000082800000, 0x0000000100000000)
  region size 1024K, 10 young (10240K), 10 survivors (10240K)
}
Event: 7.715 {heap Before GC invocations=29 (full 0):
 garbage-first heap   total reserved 2056192K, committed 261120K, used 204800K [0x0000000082800000, 0x0000000100000000)
  region size 1024K, 74 young (75776K), 10 survivors (10240K)
}
Event: 7.747 {heap After GC invocations=30 (full 0):
 garbage-first heap   total reserved 2056192K, committed 261120K, used 129024K [0x0000000082800000, 0x0000000100000000)
  region size 1024K, 10 young (10240K), 10 survivors (10240K)
}
Event: 8.124 {heap Before GC invocations=30 (full 0):
 garbage-first heap   total reserved 2056192K, committed 261120K, used 200704K [0x0000000082800000, 0x0000000100000000)
  region size 1024K, 80 young (81920K), 10 survivors (10240K)
}

Metaspace Usage History (20 events):
Event: 6.522 {metaspace After GC invocations=19 (full 0):
 Metaspace       used 68820K, committed 69312K, reserved 1114112K
  class space    used 8030K, committed 8256K, reserved 1048576K
}
Event: 6.693 {metaspace Before GC invocations=19 (full 0):
 Metaspace       used 70268K, committed 70848K, reserved 1114112K
  class space    used 8241K, committed 8512K, reserved 1048576K
}
Event: 6.700 {metaspace After GC invocations=20 (full 0):
 Metaspace       used 70268K, committed 70848K, reserved 1114112K
  class space    used 8241K, committed 8512K, reserved 1048576K
}
Event: 6.780 {metaspace Before GC invocations=20 (full 0):
 Metaspace       used 70269K, committed 70848K, reserved 1114112K
  class space    used 8241K, committed 8512K, reserved 1048576K
}
Event: 6.798 {metaspace After GC invocations=21 (full 0):
 Metaspace       used 70269K, committed 70848K, reserved 1114112K
  class space    used 8241K, committed 8512K, reserved 1048576K
}
Event: 6.868 {metaspace Before GC invocations=22 (full 0):
 Metaspace       used 70269K, committed 70848K, reserved 1114112K
  class space    used 8241K, committed 8512K, reserved 1048576K
}
Event: 6.886 {metaspace After GC invocations=23 (full 0):
 Metaspace       used 70269K, committed 70848K, reserved 1114112K
  class space    used 8241K, committed 8512K, reserved 1048576K
}
Event: 6.935 {metaspace Before GC invocations=23 (full 0):
 Metaspace       used 70269K, committed 70848K, reserved 1114112K
  class space    used 8241K, committed 8512K, reserved 1048576K
}
Event: 6.948 {metaspace After GC invocations=24 (full 0):
 Metaspace       used 70269K, committed 70848K, reserved 1114112K
  class space    used 8241K, committed 8512K, reserved 1048576K
}
Event: 6.981 {metaspace Before GC invocations=24 (full 0):
 Metaspace       used 70269K, committed 70848K, reserved 1114112K
  class space    used 8241K, committed 8512K, reserved 1048576K
}
Event: 6.990 {metaspace After GC invocations=25 (full 0):
 Metaspace       used 70269K, committed 70848K, reserved 1114112K
  class space    used 8241K, committed 8512K, reserved 1048576K
}
Event: 7.248 {metaspace Before GC invocations=25 (full 0):
 Metaspace       used 70276K, committed 70848K, reserved 1114112K
  class space    used 8243K, committed 8512K, reserved 1048576K
}
Event: 7.273 {metaspace After GC invocations=26 (full 0):
 Metaspace       used 70276K, committed 70848K, reserved 1114112K
  class space    used 8243K, committed 8512K, reserved 1048576K
}
Event: 7.323 {metaspace Before GC invocations=26 (full 0):
 Metaspace       used 70276K, committed 70848K, reserved 1114112K
  class space    used 8243K, committed 8512K, reserved 1048576K
}
Event: 7.347 {metaspace After GC invocations=27 (full 0):
 Metaspace       used 70276K, committed 70848K, reserved 1114112K
  class space    used 8243K, committed 8512K, reserved 1048576K
}
Event: 7.529 {metaspace Before GC invocations=28 (full 0):
 Metaspace       used 70276K, committed 70848K, reserved 1114112K
  class space    used 8243K, committed 8512K, reserved 1048576K
}
Event: 7.563 {metaspace After GC invocations=29 (full 0):
 Metaspace       used 70276K, committed 70848K, reserved 1114112K
  class space    used 8243K, committed 8512K, reserved 1048576K
}
Event: 7.715 {metaspace Before GC invocations=29 (full 0):
 Metaspace       used 70277K, committed 70848K, reserved 1114112K
  class space    used 8243K, committed 8512K, reserved 1048576K
}
Event: 7.747 {metaspace After GC invocations=30 (full 0):
 Metaspace       used 70277K, committed 70848K, reserved 1114112K
  class space    used 8243K, committed 8512K, reserved 1048576K
}
Event: 8.124 {metaspace Before GC invocations=30 (full 0):
 Metaspace       used 71456K, committed 72000K, reserved 1114112K
  class space    used 8388K, committed 8640K, reserved 1048576K
}

Dll operation events (9 events):
Event: 0.007 Loaded shared library D:\apps\Java\jdk-25\bin\java.dll
Event: 0.077 Loaded shared library D:\apps\Java\jdk-25\bin\jimage.dll
Event: 0.081 Loaded shared library D:\apps\Java\jdk-25\bin\net.dll
Event: 0.082 Loaded shared library D:\apps\Java\jdk-25\bin\nio.dll
Event: 0.085 Loaded shared library D:\apps\Java\jdk-25\bin\zip.dll
Event: 0.395 Loaded shared library D:\apps\Java\jdk-25\bin\management.dll
Event: 0.398 Loaded shared library D:\apps\Java\jdk-25\bin\management_ext.dll
Event: 1.383 Loaded shared library D:\apps\Java\jdk-25\bin\sunmscapi.dll
Event: 3.429 Loaded shared library D:\apps\Java\jdk-25\bin\extnet.dll

Deoptimization events (6 events):
Event: 2.069 Thread 0x000001d8b867a050 DEOPT PACKING pc=0x000001d8abc61cac sp=0x000000a22d7fc730
Event: 2.069 Thread 0x000001d8b867a050 DEOPT UNPACKING pc=0x000001d8ab951702 sp=0x000000a22d7fbc28 mode 0
Event: 3.829 Thread 0x000001d8b97ce770 DEOPT PACKING pc=0x000001d8abd38551 sp=0x000000a22ddfee10
Event: 3.829 Thread 0x000001d8b97ce770 DEOPT UNPACKING pc=0x000001d8ab951702 sp=0x000000a22ddfe268 mode 3
Event: 3.830 Thread 0x000001d8b867a050 DEOPT PACKING pc=0x000001d8abd3ecd6 sp=0x000000a22d7f9900
Event: 3.830 Thread 0x000001d8b867a050 DEOPT UNPACKING pc=0x000001d8ab951702 sp=0x000000a22d7f8d90 mode 3

Classes loaded (20 events):
Event: 5.634 Loading class java/util/regex/Pattern$Behind
Event: 5.634 Loading class java/util/regex/Pattern$Behind done
Event: 5.681 Loading class java/lang/invoke/MethodHandleImpl$CountingWrapper$1
Event: 5.681 Loading class java/lang/invoke/MethodHandleImpl$CountingWrapper$1 done
Event: 5.693 Loading class sun/reflect/ReflectionFactory
Event: 5.693 Loading class sun/reflect/ReflectionFactory done
Event: 5.693 Loading class java/io/OptionalDataException
Event: 5.693 Loading class java/io/OptionalDataException done
Event: 5.722 Loading class java/util/stream/SortedOps$SizedRefSortingSink
Event: 5.722 Loading class java/util/stream/SortedOps$SizedRefSortingSink done
Event: 5.730 Loading class javax/net/ssl/SSLException
Event: 5.730 Loading class javax/net/ssl/SSLException done
Event: 5.739 Loading class java/nio/channels/CompletionHandler
Event: 5.740 Loading class java/nio/channels/CompletionHandler done
Event: 7.964 Loading class java/lang/invoke/BoundMethodHandle$Species_LLLLLLLL
Event: 7.964 Loading class java/lang/invoke/BoundMethodHandle$Species_LLLLLLLL done
Event: 8.036 Loading class java/time/DurationEditor
Event: 8.036 Loading class java/time/DurationEditor done
Event: 8.109 Loading class java/util/Comparators$NullComparator
Event: 8.109 Loading class java/util/Comparators$NullComparator done

Classes unloaded (0 events):
No events

Classes redefined (0 events):
No events

Internal exceptions (20 events):
Event: 5.191 Thread 0x000001d8b867a050 Exception <a 'java/io/IOException'{0x000000008a50a2d8}> (0x000000008a50a2d8) 
thrown [s\open\src\hotspot\share\prims\jni.cpp, line 516]
Event: 5.193 Thread 0x000001d8b867a050 Exception <a 'java/io/IOException'{0x000000008a5189a0}> (0x000000008a5189a0) 
thrown [s\open\src\hotspot\share\prims\jni.cpp, line 516]
Event: 5.195 Thread 0x000001d8b867a050 Exception <a 'java/io/IOException'{0x000000008a526a70}> (0x000000008a526a70) 
thrown [s\open\src\hotspot\share\prims\jni.cpp, line 516]
Event: 5.198 Thread 0x000001d8b867a050 Exception <a 'java/io/IOException'{0x000000008a534a20}> (0x000000008a534a20) 
thrown [s\open\src\hotspot\share\prims\jni.cpp, line 516]
Event: 5.200 Thread 0x000001d8b867a050 Exception <a 'java/io/IOException'{0x000000008a5428e0}> (0x000000008a5428e0) 
thrown [s\open\src\hotspot\share\prims\jni.cpp, line 516]
Event: 5.202 Thread 0x000001d8b867a050 Exception <a 'java/io/IOException'{0x000000008a551268}> (0x000000008a551268) 
thrown [s\open\src\hotspot\share\prims\jni.cpp, line 516]
Event: 5.204 Thread 0x000001d8b867a050 Exception <a 'java/io/IOException'{0x000000008a55edb8}> (0x000000008a55edb8) 
thrown [s\open\src\hotspot\share\prims\jni.cpp, line 516]
Event: 5.380 Thread 0x000001d8b867a050 Exception <a 'java/lang/IncompatibleClassChangeError'{0x0000000087d81b28}: Found class java.lang.Object, but interface was expected> (0x0000000087d81b28) 
thrown [s\open\src\hotspot\share\interpreter\linkResolver.cpp, line 871]
Event: 5.412 Thread 0x000001d8b867a050 Exception <a 'java/lang/IncompatibleClassChangeError'{0x00000000864796f0}: Found class java.lang.Object, but interface was expected> (0x00000000864796f0) 
thrown [s\open\src\hotspot\share\interpreter\linkResolver.cpp, line 871]
Event: 5.507 Thread 0x000001d8b867a050 Exception <a 'java/lang/IncompatibleClassChangeError'{0x0000000085a39ab0}: Found class java.lang.Object, but interface was expected> (0x0000000085a39ab0) 
thrown [s\open\src\hotspot\share\interpreter\linkResolver.cpp, line 871]
Event: 5.609 Thread 0x000001d8b867a050 Exception <a 'java/lang/IncompatibleClassChangeError'{0x00000000852fd168}: Found class java.lang.Object, but interface was expected> (0x00000000852fd168) 
thrown [s\open\src\hotspot\share\interpreter\linkResolver.cpp, line 871]
Event: 5.610 Thread 0x000001d8b867a050 Exception <a 'java/lang/IncompatibleClassChangeError'{0x000000008510e360}: Found class java.lang.Object, but interface was expected> (0x000000008510e360) 
thrown [s\open\src\hotspot\share\interpreter\linkResolver.cpp, line 871]
Event: 5.647 Thread 0x000001d8b867a050 Exception <a 'java/lang/NoSuchMethodError'{0x0000000085098608}: 'java.lang.Object java.lang.invoke.DirectMethodHandle$Holder.invokeStatic(java.lang.Object, int, java.lang.Object)'> (0x0000000085098608) 
thrown [s\open\src\hotspot\share\interpreter\linkResolver.cpp, line 804]
Event: 5.677 Thread 0x000001d8b867a050 Exception <a 'java/lang/NoSuchMethodError'{0x0000000084ee7cd8}: 'int java.lang.invoke.DirectMethodHandle$Holder.invokeStaticInit(java.lang.Object, int, java.lang.Object, java.lang.Object, java.lang.Object, java.lang.Object)'> (0x0000000084ee7cd8) 
thrown [s\open\src\hotspot\share\interpreter\linkResolver.cpp, line 804]
Event: 5.740 Thread 0x000001d8b867a050 Exception <a 'java/lang/NoSuchMethodError'{0x0000000084a0da30}: 'long java.lang.invoke.DirectMethodHandle$Holder.invokeVirtual(java.lang.Object, java.lang.Object)'> (0x0000000084a0da30) 
thrown [s\open\src\hotspot\share\interpreter\linkResolver.cpp, line 804]
Event: 5.744 Thread 0x000001d8b867a050 Exception <a 'java/io/FileNotFoundException'{0x0000000084a3fca8}> (0x0000000084a3fca8) 
thrown [s\open\src\hotspot\share\prims\jni.cpp, line 516]
Event: 5.771 Thread 0x000001d8b867a050 Exception <a 'java/lang/NoSuchMethodError'{0x00000000fffe9928}: 'void java.lang.invoke.DirectMethodHandle$Holder.invokeVirtual(java.lang.Object, java.lang.Object, long)'> (0x00000000fffe9928) 
thrown [s\open\src\hotspot\share\interpreter\linkResolver.cpp, line 804]
Event: 7.963 Thread 0x000001d8b867a050 Exception <a 'java/lang/NoSuchMethodError'{0x000000008edf4020}: 'java.lang.Object java.lang.invoke.DirectMethodHandle$Holder.newInvokeSpecial(java.lang.Object, java.lang.Object, java.lang.Object, java.lang.Object, java.lang.Object, java.lang.Object, java.lang.Object, java.lang.Object)'> (0x000000008edf4020) 
thrown [s\open\src\hotspot\share\interpreter\linkResolver.cpp, line 804]
Event: 7.965 Thread 0x000001d8b867a050 Exception <a 'java/lang/NoSuchMethodError'{0x000000008ec4a8a8}: 'java.lang.Object java.lang.invoke.DirectMethodHandle$Holder.invokeStatic(java.lang.Object, java.lang.Object, java.lang.Object, java.lang.Object, java.lang.Object, java.lang.Object, java.lang.Object, java.lang.Object, java.lang.Object, java.lang.Object, java.lang.Object)'> (0x000000008ec4a8a8) 
thrown [s\open\src\hotspot\share\interpreter\linkResolver.cpp, line 804]
Event: 8.094 Thread 0x000001d8b867a050 Exception <a 'java/io/IOException'{0x000000008d647250}> (0x000000008d647250) 
thrown [s\open\src\hotspot\share\prims\jni.cpp, line 516]

VM Operations (20 events):
Event: 6.915 Executing safepoint VM operation: G1PauseCleanup done
Event: 6.935 Executing safepoint VM operation: G1CollectForAllocation (G1 Evacuation Pause)
Event: 6.948 Executing safepoint VM operation: G1CollectForAllocation (G1 Evacuation Pause) done
Event: 6.981 Executing safepoint VM operation: G1CollectForAllocation (G1 Evacuation Pause)
Event: 6.990 Executing safepoint VM operation: G1CollectForAllocation (G1 Evacuation Pause) done
Event: 7.248 Executing safepoint VM operation: G1CollectForAllocation (G1 Evacuation Pause)
Event: 7.273 Executing safepoint VM operation: G1CollectForAllocation (G1 Evacuation Pause) done
Event: 7.323 Executing safepoint VM operation: G1TryInitiateConcMark (G1 Humongous Allocation)
Event: 7.347 Executing safepoint VM operation: G1TryInitiateConcMark (G1 Humongous Allocation) done
Event: 7.442 Executing safepoint VM operation: G1PauseRemark
Event: 7.446 Executing safepoint VM operation: G1PauseRemark done
Event: 7.501 Executing safepoint VM operation: G1PauseCleanup
Event: 7.501 Executing safepoint VM operation: G1PauseCleanup done
Event: 7.529 Executing safepoint VM operation: G1CollectForAllocation (G1 Evacuation Pause)
Event: 7.563 Executing safepoint VM operation: G1CollectForAllocation (G1 Evacuation Pause) done
Event: 7.715 Executing safepoint VM operation: G1CollectForAllocation (G1 Evacuation Pause)
Event: 7.747 Executing safepoint VM operation: G1CollectForAllocation (G1 Evacuation Pause) done
Event: 8.015 Executing non-safepoint VM operation: HandshakeAllThreads (Deoptimize)
Event: 8.015 Executing non-safepoint VM operation: HandshakeAllThreads (Deoptimize) done
Event: 8.124 Executing safepoint VM operation: G1CollectForAllocation (G1 Evacuation Pause)

Memory protections (0 events):
No events

Nmethod flushes (20 events):
Event: 6.461 Thread 0x000001d8b339eb10 flushing  nmethod 0x000001d8ac0c8388
Event: 6.461 Thread 0x000001d8b339eb10 flushing  nmethod 0x000001d8ac128d88
Event: 6.461 Thread 0x000001d8b339eb10 flushing  nmethod 0x000001d8ac129808
Event: 6.461 Thread 0x000001d8b339eb10 flushing  nmethod 0x000001d8ac1cc588
Event: 6.461 Thread 0x000001d8b339eb10 flushing  nmethod 0x000001d8ac208c08
Event: 6.461 Thread 0x000001d8b339eb10 flushing  nmethod 0x000001d8abd38308
Event: 6.864 Thread 0x000001d8b339eb10 flushing  nmethod 0x000001d8abe92f08
Event: 6.864 Thread 0x000001d8b339eb10 flushing  nmethod 0x000001d8abf08788
Event: 6.864 Thread 0x000001d8b339eb10 flushing  nmethod 0x000001d8abf3fc08
Event: 6.864 Thread 0x000001d8b339eb10 flushing  nmethod 0x000001d8ac2c9388
Event: 6.864 Thread 0x000001d8b339eb10 flushing  nmethod 0x000001d8ac2c9688
Event: 6.864 Thread 0x000001d8b339eb10 flushing  nmethod 0x000001d8ac327d88
Event: 6.864 Thread 0x000001d8b339eb10 flushing  nmethod 0x000001d8ac338108
Event: 6.864 Thread 0x000001d8b339eb10 flushing  nmethod 0x000001d8abcb2808
Event: 6.864 Thread 0x000001d8b339eb10 flushing  nmethod 0x000001d8abff0608
Event: 6.864 Thread 0x000001d8b339eb10 flushing  nmethod 0x000001d8ac32c608
Event: 6.864 Thread 0x000001d8b339eb10 flushing  nmethod 0x000001d8ac12ef88
Event: 6.864 Thread 0x000001d8b339eb10 flushing  nmethod 0x000001d8ac2c4108
Event: 6.864 Thread 0x000001d8b339eb10 flushing  nmethod 0x000001d8ac333f08
Event: 6.864 Thread 0x000001d8b339eb10 flushing  nmethod 0x000001d8ac320988

Events (20 events):
Event: 0.032 Thread 0x000001d8a0dc6cd0 Thread added: 0x000001d8b33ba1f0
Event: 0.032 Thread 0x000001d8a0dc6cd0 Thread added: 0x000001d8a30981e0
Event: 0.068 Thread 0x000001d8a0dc6cd0 Thread added: 0x000001d8b34574c0
Event: 0.070 Thread 0x000001d8a0dc6cd0 Thread added: 0x000001d8b345a8c0
Event: 0.083 Thread 0x000001d8a30981e0 Thread added: 0x000001d8a309ba50
Event: 0.087 Thread 0x000001d8a309ba50 Thread added: 0x000001d8a309ca70
Event: 0.438 Thread 0x000001d8a0dc6cd0 Thread added: 0x000001d8b8677880
Event: 0.441 Thread 0x000001d8b8677880 Thread added: 0x000001d8b867a050
Event: 0.823 Thread 0x000001d8b867a050 Thread added: 0x000001d8b8843c90
Event: 1.279 Thread 0x000001d8b867a050 Thread added: 0x000001d8b8b69810
Event: 1.328 Thread 0x000001d8b8b69810 Thread exited: 0x000001d8b8b69810
Event: 1.394 Thread 0x000001d8b8843c90 Thread exited: 0x000001d8b8843c90
Event: 2.741 Thread 0x000001d8b867a050 Thread added: 0x000001d8b9500050
Event: 3.828 Thread 0x000001d8b867a050 Thread added: 0x000001d8b97ce770
Event: 3.933 Thread 0x000001d8b97ce770 Thread added: 0x000001d8b99369c0
Event: 5.749 Thread 0x000001d8b867a050 Thread added: 0x000001d8b8b16920
Event: 5.750 Thread 0x000001d8b8b16920 Thread added: 0x000001d8b8b170e0
Event: 5.753 Thread 0x000001d8b867a050 Thread added: 0x000001d8b98d6c10
Event: 7.800 Thread 0x000001d8a309ca70 Thread exited: 0x000001d8a309ca70
Event: 7.984 Thread 0x000001d8a309ba50 Thread added: 0x000001d8b83a0030


Dynamic libraries:
0x00007ff6ecc20000 - 0x00007ff6ecc30000 	D:\apps\Java\jdk-25\bin\java.exe
0x00007ff8fae90000 - 0x00007ff8fb0a8000 	C:\WINDOWS\SYSTEM32\ntdll.dll
0x00007ff8f8cf0000 - 0x00007ff8f8db4000 	C:\WINDOWS\System32\KERNEL32.DLL
0x00007ff8f8660000 - 0x00007ff8f8a33000 	C:\WINDOWS\System32\KERNELBASE.dll
0x00007ff8f83f0000 - 0x00007ff8f8501000 	C:\WINDOWS\System32\ucrtbase.dll
0x00007ff8ef910000 - 0x00007ff8ef92e000 	D:\apps\Java\jdk-25\bin\VCRUNTIME140.dll
0x00007ff8e6de0000 - 0x00007ff8e6df7000 	D:\apps\Java\jdk-25\bin\jli.dll
0x00007ff8fac10000 - 0x00007ff8fadc2000 	C:\WINDOWS\System32\USER32.dll
0x00007ff8e34a0000 - 0x00007ff8e373c000 	C:\WINDOWS\WinSxS\amd64_microsoft.windows.common-controls_6595b64144ccf1df_6.0.22621.6060_none_2712eda17382d24b\COMCTL32.dll
0x00007ff8f8630000 - 0x00007ff8f8656000 	C:\WINDOWS\System32\win32u.dll
0x00007ff8f8f80000 - 0x00007ff8f9027000 	C:\WINDOWS\System32\msvcrt.dll
0x00007ff8f98f0000 - 0x00007ff8f9919000 	C:\WINDOWS\System32\GDI32.dll
0x00007ff8f7f90000 - 0x00007ff8f80b3000 	C:\WINDOWS\System32\gdi32full.dll
0x00007ff8f8590000 - 0x00007ff8f862a000 	C:\WINDOWS\System32\msvcp_win.dll
0x00007ff8f8ee0000 - 0x00007ff8f8f11000 	C:\WINDOWS\System32\IMM32.DLL
0x00007ff8f17f0000 - 0x00007ff8f17fc000 	D:\apps\Java\jdk-25\bin\vcruntime140_1.dll
0x00007ff8cbdd0000 - 0x00007ff8cbe5d000 	D:\apps\Java\jdk-25\bin\msvcp140.dll
0x00007ff86e790000 - 0x00007ff86f5ef000 	D:\apps\Java\jdk-25\bin\server\jvm.dll
0x00007ff8f9930000 - 0x00007ff8f99e1000 	C:\WINDOWS\System32\ADVAPI32.dll
0x00007ff8fab60000 - 0x00007ff8fac08000 	C:\WINDOWS\System32\sechost.dll
0x00007ff8f8b00000 - 0x00007ff8f8b28000 	C:\WINDOWS\System32\bcrypt.dll
0x00007ff8f8dc0000 - 0x00007ff8f8ed8000 	C:\WINDOWS\System32\RPCRT4.dll
0x00007ff8fadd0000 - 0x00007ff8fae41000 	C:\WINDOWS\System32\WS2_32.dll
0x00007ff8f7e60000 - 0x00007ff8f7ead000 	C:\WINDOWS\SYSTEM32\POWRPROF.dll
0x00007ff8efb10000 - 0x00007ff8efb1a000 	C:\WINDOWS\SYSTEM32\VERSION.dll
0x00007ff8f0bf0000 - 0x00007ff8f0c24000 	C:\WINDOWS\SYSTEM32\WINMM.dll
0x00007ff8f7e40000 - 0x00007ff8f7e53000 	C:\WINDOWS\SYSTEM32\UMPDC.dll
0x00007ff8f6f20000 - 0x00007ff8f6f38000 	C:\WINDOWS\SYSTEM32\kernel.appcore.dll
0x00007ff8ef970000 - 0x00007ff8ef97a000 	D:\apps\Java\jdk-25\bin\jimage.dll
0x00007ff8f5930000 - 0x00007ff8f5b63000 	C:\WINDOWS\SYSTEM32\DBGHELP.DLL
0x00007ff8f9ba0000 - 0x00007ff8f9f32000 	C:\WINDOWS\System32\combase.dll
0x00007ff8f9f40000 - 0x00007ff8fa018000 	C:\WINDOWS\System32\OLEAUT32.dll
0x00007ff8df7f0000 - 0x00007ff8df822000 	C:\WINDOWS\SYSTEM32\dbgcore.DLL
0x00007ff8f8510000 - 0x00007ff8f858b000 	C:\WINDOWS\System32\bcryptPrimitives.dll
0x00007ff8ddcd0000 - 0x00007ff8ddcef000 	D:\apps\Java\jdk-25\bin\java.dll
0x00007ff8f8b50000 - 0x00007ff8f8cf0000 	C:\WINDOWS\System32\ole32.dll
0x00007ff8fa290000 - 0x00007ff8fab2e000 	C:\WINDOWS\System32\SHELL32.dll
0x00007ff8f82b0000 - 0x00007ff8f83ef000 	C:\WINDOWS\System32\wintypes.dll
0x00007ff8f5e20000 - 0x00007ff8f6738000 	C:\WINDOWS\SYSTEM32\windows.storage.dll
0x00007ff8f9140000 - 0x00007ff8f9244000 	C:\WINDOWS\System32\SHCORE.dll
0x00007ff8fa020000 - 0x00007ff8fa089000 	C:\WINDOWS\System32\shlwapi.dll
0x00007ff8f7ec0000 - 0x00007ff8f7ee5000 	C:\WINDOWS\SYSTEM32\profapi.dll
0x00007ff8ddc80000 - 0x00007ff8ddc92000 	D:\apps\Java\jdk-25\bin\net.dll
0x00007ff8f73f0000 - 0x00007ff8f7459000 	C:\WINDOWS\system32\mswsock.dll
0x00007ff8ddb00000 - 0x00007ff8ddb16000 	D:\apps\Java\jdk-25\bin\nio.dll
0x00007ff8dda40000 - 0x00007ff8dda57000 	D:\apps\Java\jdk-25\bin\zip.dll
0x00007ff8e26f0000 - 0x00007ff8e26fa000 	D:\apps\Java\jdk-25\bin\management.dll
0x00007ff8ddcb0000 - 0x00007ff8ddcbc000 	D:\apps\Java\jdk-25\bin\management_ext.dll
0x00007ff8fab50000 - 0x00007ff8fab58000 	C:\WINDOWS\System32\PSAPI.DLL
0x00007ff8ddc70000 - 0x00007ff8ddc7e000 	D:\apps\Java\jdk-25\bin\sunmscapi.dll
0x00007ff8f80c0000 - 0x00007ff8f8228000 	C:\WINDOWS\System32\CRYPT32.dll
0x00007ff8f7850000 - 0x00007ff8f787e000 	C:\WINDOWS\SYSTEM32\ncrypt.dll
0x00007ff8f7810000 - 0x00007ff8f7847000 	C:\WINDOWS\SYSTEM32\NTASN1.dll
0x00007ff8f7670000 - 0x00007ff8f768b000 	C:\WINDOWS\SYSTEM32\CRYPTSP.dll
0x00007ff8f6e80000 - 0x00007ff8f6eb7000 	C:\WINDOWS\system32\rsaenh.dll
0x00007ff8f74e0000 - 0x00007ff8f7508000 	C:\WINDOWS\SYSTEM32\USERENV.dll
0x00007ff8f7690000 - 0x00007ff8f769c000 	C:\WINDOWS\SYSTEM32\CRYPTBASE.dll
0x00007ff8f69e0000 - 0x00007ff8f6a0d000 	C:\WINDOWS\SYSTEM32\IPHLPAPI.DLL
0x00007ff8f9920000 - 0x00007ff8f9929000 	C:\WINDOWS\System32\NSI.dll
0x00007ff8f6a10000 - 0x00007ff8f6b08000 	C:\WINDOWS\SYSTEM32\DNSAPI.dll
0x00007ff8eef30000 - 0x00007ff8eef3a000 	C:\Windows\System32\rasadhlp.dll
0x00007ff8ee370000 - 0x00007ff8ee3f4000 	C:\WINDOWS\System32\fwpuclnt.dll
0x00007ff8ddaf0000 - 0x00007ff8ddaf9000 	D:\apps\Java\jdk-25\bin\extnet.dll

JVMTI agents: none

dbghelp: loaded successfully - version: 4.0.5 - missing functions: none
symbol engine: initialized successfully - sym options: 0x614 - pdb path: .;D:\apps\Java\jdk-25\bin;C:\WINDOWS\SYSTEM32;C:\WINDOWS\WinSxS\amd64_microsoft.windows.common-controls_6595b64144ccf1df_6.0.22621.6060_none_2712eda17382d24b;D:\apps\Java\jdk-25\bin\server

VM Arguments:
jvm_args: -XX:TieredStopAtLevel=1 
java_command: com.sbsr.sstashed.SstashedApplication
java_class_path (initial): D:\J2EE Project\Marketplace for Rural Artisans\sstashed\target\classes;C:\Users\SUVAM ROY\.m2\repository\ch\qos\logback\logback-classic\1.5.20\logback-classic-1.5.20.jar;C:\Users\SUVAM ROY\.m2\repository\ch\qos\logback\logback-core\1.5.20\logback-core-1.5.20.jar;C:\Users\SUVAM ROY\.m2\repository\org\apache\logging\log4j\log4j-to-slf4j\2.24.3\log4j-to-slf4j-2.24.3.jar;C:\Users\SUVAM ROY\.m2\repository\org\apache\logging\log4j\log4j-api\2.24.3\log4j-api-2.24.3.jar;C:\Users\SUVAM ROY\.m2\repository\org\slf4j\jul-to-slf4j\2.0.17\jul-to-slf4j-2.0.17.jar;C:\Users\SUVAM ROY\.m2\repository\jakarta\annotation\jakarta.annotation-api\2.1.1\jakarta.annotation-api-2.1.1.jar;C:\Users\SUVAM ROY\.m2\repository\org\yaml\snakeyaml\2.4\snakeyaml-2.4.jar;C:\Users\SUVAM ROY\.m2\repository\com\zaxxer\HikariCP\6.3.3\HikariCP-6.3.3.jar;C:\Users\SUVAM ROY\.m2\repository\org\springframework\spring-jdbc\6.2.12\spring-jdbc-6.2.12.jar;C:\Users\SUVAM ROY\.m2\repository\org\hibernate\orm\hibernate-core\6.6.33.Final\hibernate-core-6.6.33.Final.jar;C:\Users\SUVAM ROY\.m2\repository\jakarta\persistence\jakarta.persistence-api\3.1.0\jakarta.persistence-api-3.1.0.jar;C:\Users\SUVAM ROY\.m2\repository\org\jboss\logging\jboss-logging\3.6.1.Final\jboss-logging-3.6.1.Final.jar;C:\Users\SUVAM ROY\.m2\repository\org\hibernate\common\hibernate-commons-annotations\7.0.3.Final\hibernate-commons-annotations-7.0.3.Final.jar;C:\Users\SUVAM ROY\.m2\repository\io\smallrye\jandex\3.2.0\jandex-3.2.0.jar;C:\Users\SUVAM ROY\.m2\repository\com\fasterxml\classmate\1.7.1\classmate-1.7.1.jar;C:\Users\SUVAM ROY\.m2\repository\net\bytebuddy\byte-buddy\1.17.8\byte-buddy-1.17.8.jar;C:\Users\SUVAM ROY\.m2\repository\org\glassfish\jaxb\jaxb-runtime\4.0.6\jaxb-runtime-4.0.6.jar;C:\Users\SUVAM ROY\.m2\repository\org\glassfish\jaxb\jaxb-core\4.0.6\jaxb-core-4.0.6.jar;C:\Users\SUVAM ROY\.m2\repository\org\eclipse\angus\angus-activation\2.0.3\angus-activation-2.0.3.jar;C:\Users\SUVAM ROY\.m2\repository\org\glassfish\jaxb\txw2\4.0.6\txw2-4.0.6.jar;C:\Users\SUVAM ROY\.m2\repository\com\sun\istack\istack-commons-runtime\4.1.2\istack-commons-runtime-4.1.2.jar;C:\Users\SUVAM ROY\.m2\repository\jakarta\inject\jakarta.inject-api\2.0.1\jakarta.inject-api-2.0.1.jar;C:\Users\SUVAM ROY\.m2\repository\org\antlr\antlr4-runtime\4.13.0\antlr4-runtime-4.13.0.jar;C:\Users\SUVAM ROY\.m2\repository\org\springframework\data\spring-data-jpa\3.5.5\spring-data-jpa-3.5.5.jar;C:\Users\SUVAM ROY\.m2\repository\org\springframework\data\spring-data-commons\3.5.5\spring-data-commons-3.5.5.jar;C:\Users\SUVAM ROY\.m2\repository\org\springframework\spring-orm\6.2.12\spring-orm-6.2.12.jar;C:\Users\SUVAM ROY\.m2\repository\org\springframework\spring-context\6.2.12\spring-context-6.2.12.jar;C:\Users\SUVAM ROY\.m2\repository\org\springframework\spring-tx\6.2.12\spring-tx-6.2.12.jar;C:\Users\SUVAM ROY\.m2\repository\org\springframework\spring-beans\6.2.12\spring-beans-6.2.12.jar;C:\Users\SUVAM ROY\.m2\repository\org\slf4j\slf4j-api\2.0.17\slf4j-api-2.0.17.jar;C:\Users\SUVAM ROY\.m2\repository\org\springframework\spring-aspects\6.2.12\spring-aspects-6.2.12.jar;C:\Users\SUVAM ROY\.m2\repository\org\aspectj\aspectjweaver\1.9.24\aspectjweaver-1.9.24.jar;C:\Users\SUVAM ROY\.m2\repository\org\springframework\spring-aop\6.2.12\spring-aop-6.2.12.jar;C:\Users\SUVAM ROY\.m2\repository\org\springframework\security\spring-security-config\6.5.6\spring-security-config-6.5.6.jar;C:\Users\SUVAM ROY\.m2\repository\org\springframework\security\spring-security-web\6.5.6\spring-security-web-6.5.6.jar;C:\Users\SUVAM ROY\.m2\repository\org\springframework\spring-expression\6.2.12\spring-expression-6.2.12.jar;C:\Users\SUVAM ROY\.m2\repository\org\apache\tomcat\embed\tomcat-embed-el\10.1.48\tomcat-embed-el-10.1.48.jar;C:\Users\SUVAM ROY\.m2\repository\org\hibernate\validator\hibernate-validator\8.0.3.Final\hibernate-validator-8.0.3.Final.jar;C:\Users\SUVAM ROY\.m2\repository\jakarta\validation\jakarta.validation-api\3.0.2\jakarta.validation-api-3.0.2.jar;C:\Users\SUVAM ROY\.m2\repository\com\fasterxml\jackson\datatype\jackson-datatype-jdk8\2.19.2\jackson-datatype-jdk8-2.19.2.jar;C:\Users\SUVAM ROY\.m2\repository\com\fasterxml\jackson\datatype\jackson-datatype-jsr310\2.19.2\jackson-datatype-jsr310-2.19.2.jar;C:\Users\SUVAM ROY\.m2\repository\com\fasterxml\jackson\module\jackson-module-parameter-names\2.19.2\jackson-module-parameter-names-2.19.2.jar;C:\Users\SUVAM ROY\.m2\repository\org\apache\tomcat\embed\tomcat-embed-core\10.1.48\tomcat-embed-core-10.1.48.jar;C:\Users\SUVAM ROY\.m2\repository\org\apache\tomcat\embed\tomcat-embed-websocket\10.1.48\tomcat-embed-websocket-10.1.48.jar;C:\Users\SUVAM ROY\.m2\repository\org\springframework\spring-web\6.2.12\spring-web-6.2.12.jar;C:\Users\SUVAM ROY\.m2\repository\io\micrometer\micrometer-observation\1.15.5\micrometer-observation-1.15.5.jar;C:\Users\SUVAM ROY\.m2\repository\io\micrometer\micrometer-commons\1.15.5\micrometer-commons-1.15.5.jar;C:\Users\SUVAM ROY\.m2\repository\org\springframework\spring-webmvc\6.2.12\spring-webmvc-6.2.12.jar;C:\Users\SUVAM ROY\.m2\repository\org\springframework\boot\spring-boot-devtools\3.5.7\spring-boot-devtools-3.5.7.jar;C:\Users\SUVAM ROY\.m2\repository\org\springframework\boot\spring-boot\3.5.7\spring-boot-3.5.7.jar;C:\Users\SUVAM ROY\.m2\repository\org\springframework\boot\spring-boot-autoconfigure\3.5.7\spring-boot-autoconfigure-3.5.7.jar;C:\Users\SUVAM ROY\.m2\repository\com\mysql\mysql-connector-j\9.4.0\mysql-connector-j-9.4.0.jar;C:\Users\SUVAM ROY\.m2\repository\io\jsonwebtoken\jjwt-api\0.12.5\jjwt-api-0.12.5.jar;C:\Users\SUVAM ROY\.m2\repository\io\jsonwebtoken\jjwt-impl\0.12.5\jjwt-impl-0.12.5.jar;C:\Users\SUVAM ROY\.m2\repository\io\jsonwebtoken\jjwt-jackson\0.12.5\jjwt-jackson-0.12.5.jar;C:\Users\SUVAM ROY\.m2\repository\com\fasterxml\jackson\core\jackson-databind\2.19.2\jackson-databind-2.19.2.jar;C:\Users\SUVAM ROY\.m2\repository\com\fasterxml\jackson\core\jackson-annotations\2.19.2\jackson-annotations-2.19.2.jar;C:\Users\SUVAM ROY\.m2\repository\jakarta\xml\bind\jakarta.xml.bind-api\4.0.4\jakarta.xml.bind-api-4.0.4.jar;C:\Users\SUVAM ROY\.m2\repository\jakarta\activation\jakarta.activation-api\2.1.4\jakarta.activation-api-2.1.4.jar;C:\Users\SUVAM ROY\.m2\repository\org\springframework\spring-core\6.2.12\spring-core-6.2.12.jar;C:\Users\SUVAM ROY\.m2\repository\org\springframework\spring-jcl\6.2.12\spring-jcl-6.2.12.jar;C:\Users\SUVAM ROY\.m2\repository\org\springframework\security\spring-security-core\6.5.6\spring-security-core-6.5.6.jar;C:\Users\SUVAM ROY\.m2\repository\org\springframework\security\spring-security-crypto\6.5.6\spring-security-crypto-6.5.6.jar;C:\Users\SUVAM ROY\.m2\repository\com\fasterxml\jackson\datatype\jackson-datatype-hibernate5-jakarta\2.15.2\jackson-datatype-hibernate5-jakarta-2.15.2.jar;C:\Users\SUVAM ROY\.m2\repository\jakarta\transaction\jakarta.transaction-api\2.0.1\jakarta.transaction-api-2.0.1.jar;C:\Users\SUVAM ROY\.m2\repository\com\fasterxml\jackson\core\jackson-core\2.19.2\jackson-core-2.19.2.jar
Launcher Type: SUN_STANDARD

[Global flags]
     intx CICompilerCount                          = 3                                         {product} {ergonomic}
     uint ConcGCThreads                            = 1                                         {product} {ergonomic}
     uint G1ConcRefinementThreads                  = 4                                         {product} {ergonomic}
   size_t G1HeapRegionSize                         = 1048576                                   {product} {ergonomic}
   size_t InitialHeapSize                          = 132120576                                 {product} {ergonomic}
   size_t MarkStackSize                            = 4194304                                   {product} {ergonomic}
   size_t MarkStackSizeMax                         = 536870912                                 {product} {ergonomic}
   size_t MaxHeapSize                              = 2105540608                                {product} {ergonomic}
   size_t MaxNewSize                               = 1262485504                                {product} {ergonomic}
   size_t MinHeapDeltaBytes                        = 1048576                                   {product} {ergonomic}
   size_t MinHeapSize                              = 8388608                                   {product} {ergonomic}
    uintx NonNMethodCodeHeapSize                   = 4096                                   {pd product} {ergonomic}
    uintx NonProfiledCodeHeapSize                  = 0                                      {pd product} {ergonomic}
     bool ProfileInterpreter                       = false                                  {pd product} {command line}
    uintx ProfiledCodeHeapSize                     = 0                                      {pd product} {ergonomic}
   size_t SoftMaxHeapSize                          = 2105540608                             {manageable} {ergonomic}
     intx TieredStopAtLevel                        = 1                                         {product} {command line}
     bool UseCompressedOops                        = true                           {product lp64_product} {ergonomic}
     bool UseG1GC                                  = true                                      {product} {ergonomic}
     bool UseLargePagesIndividualAllocation        = false                                  {pd product} {ergonomic}

Logging:
Log output configuration:
 #0: stdout all=warning uptime,level,tags foldmultilines=false
 #1: stderr all=off uptime,level,tags foldmultilines=false

Release file:
IMPLEMENTOR="Oracle Corporation" 
JAVA_RUNTIME_VERSION="25+37-LTS-3491" 
JAVA_VERSION="25" 
JAVA_VERSION_DATE="2025-09-16" 
LIBC="default" 
MODULES="java.base java.compiler java.datatransfer java.xml java.prefs java.desktop java.instrument java.logging java.management java.security.sasl java.naming java.rmi java.management.rmi java.net.http java.scripting java.security.jgss java.transaction.xa java.sql java.sql.rowset java.xml.crypto java.se java.smartcardio jdk.accessibility jdk.internal.jvmstat jdk.attach jdk.charsets jdk.internal.opt jdk.zipfs jdk.compiler jdk.crypto.cryptoki jdk.crypto.ec jdk.crypto.mscapi jdk.dynalink jdk.internal.ed jdk.editpad jdk.internal.vm.ci jdk.graal.compiler jdk.graal.compiler.management jdk.hotspot.agent jdk.httpserver jdk.incubator.vector jdk.internal.le jdk.internal.md jdk.jartool jdk.javadoc jdk.jcmd jdk.management jdk.management.agent jdk.jconsole jdk.jdeps jdk.jdwp.agent jdk.jdi jdk.jfr jdk.jlink jdk.jpackage jdk.jshell jdk.jsobject jdk.jstatd jdk.localedata jdk.management.jfr jdk.naming.dns jdk.naming.rmi jdk.net jdk.nio.mapmode jdk.sctp jdk.security.auth jdk.security.jgss jdk.unsupported jdk.unsupported.desktop jdk.xml.dom" 
OS_ARCH="x86_64" 
OS_NAME="Windows" 
SOURCE=".:git:49d6a23b8806 open:git:6c48f4ed707b" 

Environment Variables:
JAVA_HOME=D:\apps\Java\jdk-25
PATH=D:\apps\Oracle10gXE\app\oracle\product\10.2.0\server\bin;C:\Python313\Scripts\;C:\Python313\;C:\Program Files\Common Files\Oracle\Java\javapath;C:\WINDOWS\system32;C:\WINDOWS;C:\WINDOWS\System32\Wbem;C:\WINDOWS\System32\WindowsPowerShell\v1.0\;C:\WINDOWS\System32\OpenSSH\;C:\Program Files (x86)\dotnet\;D:\apps\Git\cmd;C:\Program Files\dotnet\;D:\apps\Node JS;D:\apps\Node JS\;D:\apps\JDK\bin;C:\Program Files\apachemaven\apache-maven-3.9.11\bin;C:\Program Files\PowerShell\7\;C:\Program Files\PowerShell\7-preview\preview;D:\apps\Python\Scripts\;D:\apps\Python\;C:\Users\SUVAM ROY\AppData\Local\Programs\Python\Launcher\;C:\Program Files\MySQL\MySQL Shell 8.0\bin\;C:\Users\SUVAM ROY\AppData\Local\Microsoft\WindowsApps;D:\apps\JetBrains\IntelliJ IDEA Community Edition 2025.2.3\bin;D:\apps\Microsoft VS Code\bin;D:\apps\MinGW\bin;C:\Users\SUVAM ROY\AppData\Roaming\npm;
USERNAME=SUVAM ROY
OS=Windows_NT
PROCESSOR_IDENTIFIER=Intel64 Family 6 Model 142 Stepping 12, GenuineIntel
TMP=C:\Users\SUVAMR~1\AppData\Local\Temp
TEMP=C:\Users\SUVAMR~1\AppData\Local\Temp




Compilation memory statistics disabled.

Periodic native trim disabled

---------------  S Y S T E M  ---------------

OS:
 Windows 11 , 64 bit Build 22621 (10.0.22621.5415)
OS uptime: 14 days 1:19 hours
Hyper-V role detected

CPU: total 4 (initial active 4) (2 cores per cpu, 2 threads per core) family 6 model 142 stepping 12 microcode 0xde, cx8, cmov, fxsr, ht, mmx, 3dnowpref, sse, sse2, sse3, ssse3, sse4.1, sse4.2, popcnt, lzcnt, tsc, tscinvbit, avx, avx2, aes, erms, clmul, bmi1, bmi2, adx, fma, vzeroupper, clflush, clflushopt, hv, rdtscp, f16c
Processor Information for the first 4 processors :
  Max Mhz: 2592, Current Mhz: 2093, Mhz Limit: 2073

Memory: 4k page, system-wide physical 8026M (368M free)
TotalPageFile size 23391M (AvailPageFile size 453M)
current process WorkingSet (physical memory assigned to process): 401M, peak: 401M
current process commit charge ("private bytes"): 443M, peak: 899M

vm_info: Java HotSpot(TM) 64-Bit Server VM (25+37-LTS-3491) for windows-amd64 JRE (25+37-LTS-3491), built on 2025-08-14T21:13:00Z with unknown MS VC++:1943

END.
